=====================================
    QUEST SCRIPT RECREATION LOG     
=====================================
Quest: Free_Discovery
Started: 2025-08-08 22:31:31
Player: D D M P E G
Starting Location: (3016, 3513, 0)
Starting Inventory: Water rune x3003, Energy potion(4) x5, Earth rune x1995, Salmon x5, Coins x270843, Law rune x179, Black robe, Dossier, Air rune x2961, Cabbage, Red halloween mask, Fire rune x498
=====================================

[22:31:31] CONSOLE_INTEGRATION: DreamBot console logging enabled - all script output will be mirrored to quest log file
[22:31:31] CONSOLE_INFO: Quest log location: C:\Users\Leone\Desktop\Projects in progress\Dreambot Projects\AI Quest system\quest_logs\
[22:31:31] CONSOLE_INFO: DreamBot script: Quest Action Recorder v4.3
[22:31:31] ACTION: Quest recording started
    SCRIPT: // Quest: Free_Discovery

[22:31:31] ACTIVE_QUEST_DETECTED: BLACK_KNIGHTS_FORTRESS is currently in progress
[22:31:31] QUEST STEP 1: VARBIT_DISCOVERY_STARTED
    SCRIPT: // Quest varbit discovery initiated - monitoring 69 varbits (including 0-values)

[22:31:31] QUEST STEP 2: CONFIG_DISCOVERY_STARTED
    SCRIPT: // Quest config discovery initiated - monitoring 50 configs (including 0-values)

[22:31:31] 
    SCRIPT: // DEMON_SLAYER varbit 2561 = 3

[22:31:53] ACTION: Selected 'Open' on Sturdy door
    SCRIPT: GameObjects.closest("Sturdy door").interact("Open");

[22:31:53] USER_ACTION: Open | Object_Tile: (3016, 3514, 0)
[22:31:54] Movement: Started significant journey from (3016, 3513, 0)
[22:31:55] Position: Arrived at (3016, 3515, 0)
[22:31:58] ACTION: Selected 'Push' on Wall
    SCRIPT: // Push on Wall

[22:31:58] USER_ACTION: Push | Target: Wall
[22:32:03] ACTION: Selected 'Climb-up' on Ladder
    SCRIPT: GameObjects.closest("Ladder").interact("Climb-up");

[22:32:03] USER_ACTION: Climb-up | Object_Tile: (3016, 3519, 0)
[22:32:04] Movement: Started significant journey from (3016, 3517, 0)
[22:32:05] Position: Arrived at (3015, 3518, 0)
[22:32:08] ACTION: Selected 'Climb-down' on Ladder
    SCRIPT: GameObjects.closest("Ladder").interact("Climb-down");

[22:32:08] USER_ACTION: Climb-down | Object_Tile: (3015, 3519, 1)
[22:32:13] ACTION: Selected 'Climb-up' on Ladder
    SCRIPT: GameObjects.closest("Ladder").interact("Climb-up");

[22:32:13] USER_ACTION: Climb-up | Object_Tile: (3015, 3519, 0)
[22:32:14] ACTION: Selected 'Climb-up' on Ladder
    SCRIPT: GameObjects.closest("Ladder").interact("Climb-up");

[22:32:14] USER_ACTION: Climb-up | Object_Tile: (3015, 3519, 1)
[22:32:15] Movement: Started significant journey from (3015, 3518, 1)
[22:32:16] Position: Arrived at (3016, 3518, 1)
[22:32:20] ACTION: Selected 'Climb-down' on Ladder
    SCRIPT: GameObjects.closest("Ladder").interact("Climb-down");

[22:32:20] USER_ACTION: Climb-down | Object_Tile: (3016, 3519, 2)
[22:32:24] ACTION: Selected 'Climb-down' on Ladder
    SCRIPT: GameObjects.closest("Ladder").interact("Climb-down");

[22:32:24] USER_ACTION: Climb-down | Object_Tile: (3016, 3519, 1)
[22:32:25] Position: Arrived at (3015, 3518, 1)
[22:32:29] ACTION: Selected 'Push' on Wall
    SCRIPT: // Push on Wall

[22:32:29] USER_ACTION: Push | Target: Wall
[22:32:29] Movement: Started significant journey from (3015, 3518, 0)
[22:32:32] Position: Arrived at (3016, 3516, 0)
[22:32:32] ACTION: Selected 'Open' on Sturdy door
    SCRIPT: GameObjects.closest("Sturdy door").interact("Open");

[22:32:32] USER_ACTION: Open | Object_Tile: (3016, 3514, 0)
[22:32:37] ACTION: Selected 'Open' on Sturdy door
    SCRIPT: GameObjects.closest("Sturdy door").interact("Open");

[22:32:37] USER_ACTION: Open | Object_Tile: (3016, 3514, 0)
[22:32:39] ACTION: Selected 'Push' on Wall
    SCRIPT: // Push on Wall

[22:32:39] USER_ACTION: Push | Target: Wall
[22:32:41] Position: Arrived at (3016, 3517, 0)
[22:32:43] ACTION: Selected 'Climb-up' on Ladder
    SCRIPT: GameObjects.closest("Ladder").interact("Climb-up");

[22:32:43] USER_ACTION: Climb-up | Object_Tile: (3016, 3519, 0)
[22:32:44] Movement: Started significant journey from (3016, 3517, 0)
[22:32:47] ACTION: Selected 'Climb-up' on Ladder
    SCRIPT: GameObjects.closest("Ladder").interact("Climb-up");

[22:32:47] USER_ACTION: Climb-up | Object_Tile: (3015, 3519, 1)
[22:32:49] Position: Arrived at (3016, 3518, 1)
[22:33:01] ACTION: Selected 'Climb-down' on Ladder
    SCRIPT: GameObjects.closest("Ladder").interact("Climb-down");

[22:33:01] USER_ACTION: Climb-down | Object_Tile: (3016, 3519, 2)
[22:33:02] Movement: Started significant journey from (3016, 3518, 2)
[22:33:04] Position: Arrived at (3017, 3515, 2)
[22:33:08] ACTION: Selected 'Open' on Door
    SCRIPT: GameObjects.closest("Door").interact("Open");

[22:33:08] USER_ACTION: Open | Object_Tile: (3019, 3515, 1)
[22:33:09] Position: Arrived at (3019, 3515, 1)
[22:33:12] ACTION: Selected 'Climb-up' on Ladder
    SCRIPT: GameObjects.closest("Ladder").interact("Climb-up");

[22:33:12] USER_ACTION: Climb-up | Object_Tile: (3017, 3516, 1)
[22:33:12] Movement: Started significant journey from (3020, 3515, 1)
[22:33:36] ACTION: Selected 'Climb-down' on Ladder
    SCRIPT: GameObjects.closest("Ladder").interact("Climb-down");

[22:33:36] USER_ACTION: Climb-down | Object_Tile: (3023, 3513, 2)
[22:33:36] Movement: Started significant journey from (3023, 3514, 2)
[22:33:37] Position: Arrived at (3025, 3514, 2)
[22:33:48] ACTION: Selected 'Open' on Sturdy door
    SCRIPT: GameObjects.closest("Sturdy door").interact("Open");

[22:33:48] USER_ACTION: Open | Object_Tile: (3025, 3511, 1)
[22:33:49] Movement: Started significant journey from (3025, 3514, 1)
[22:33:51] Position: Arrived at (3025, 3511, 1)
[22:33:52] ACTION: Selected 'Climb-down' on Ladder
    SCRIPT: GameObjects.closest("Ladder").interact("Climb-down");

[22:33:52] USER_ACTION: Climb-down | Object_Tile: (3025, 3513, 1)
[22:33:58] ACTION: Selected 'Listen-at' on Grill
    SCRIPT: // Listen-at on Grill

[22:33:58] USER_ACTION: Listen-at | Target: Grill
[22:33:59] Position: Arrived at (3026, 3507, 0)
[22:34:53] ACTION: Selected 'Climb-up' on Ladder
    SCRIPT: GameObjects.closest("Ladder").interact("Climb-up");

[22:34:53] USER_ACTION: Climb-up | Object_Tile: (3021, 3510, 0)
[22:34:53] Movement: Started significant journey from (3026, 3507, 0)
[22:34:56] Position: Arrived at (3022, 3510, 1)
[22:34:59] ACTION: Selected 'Open' on Sturdy door
    SCRIPT: GameObjects.closest("Sturdy door").interact("Open");

[22:34:59] USER_ACTION: Open | Object_Tile: (3025, 3511, 1)
[22:35:02] Position: Arrived at (3026, 3511, 1)
[22:35:03] ACTION: Selected 'Climb-up' on Ladder
    SCRIPT: GameObjects.closest("Ladder").interact("Climb-up");

[22:35:03] USER_ACTION: Climb-up | Object_Tile: (3025, 3513, 1)
[22:35:03] Movement: Started significant journey from (3026, 3511, 1)
[22:35:14] ACTION: Selected 'Climb-down' on Ladder
    SCRIPT: GameObjects.closest("Ladder").interact("Climb-down");

[22:35:14] USER_ACTION: Climb-down | Object_Tile: (3025, 3513, 2)
[22:35:14] Movement: Started significant journey from (3025, 3514, 2)
[22:35:15] Position: Arrived at (3023, 3514, 2)
[22:35:17] ACTION: Selected 'Climb-up' on Ladder
    SCRIPT: GameObjects.closest("Ladder").interact("Climb-up");

[22:35:17] USER_ACTION: Climb-up | Object_Tile: (3023, 3513, 1)
[22:35:22] ACTION: Selected 'Climb-down' on Ladder
    SCRIPT: GameObjects.closest("Ladder").interact("Climb-down");

[22:35:22] USER_ACTION: Climb-down | Object_Tile: (3017, 3516, 2)
[22:35:24] Position: Arrived at (3016, 3518, 2)
[22:35:26] ACTION: Selected 'Climb-down' on Ladder
    SCRIPT: GameObjects.closest("Ladder").interact("Climb-down");

[22:35:26] USER_ACTION: Climb-down | Object_Tile: (3016, 3519, 1)
[22:35:27] Movement: Started significant journey from (3016, 3518, 1)
[22:35:30] ACTION: Selected 'Push' on Wall
    SCRIPT: // Push on Wall

[22:35:30] USER_ACTION: Push | Target: Wall
[22:35:33] Position: Arrived at (3016, 3516, 0)
[22:35:35] ACTION: Selected 'Open' on Door
    SCRIPT: GameObjects.closest("Door").interact("Open");

[22:35:35] USER_ACTION: Open | Object_Tile: (3020, 3515, 0)
[22:35:38] DIALOGUE_OPTIONS: [Okay, I won't., I don't care. I'm going in anyway.]
[22:35:40] ACTION: DIALOGUE_SELECTION
    SCRIPT: I don't care. I'm going in anyway.

[22:35:41] Movement: Started significant journey from (3019, 3515, 0)
[22:35:42] Position: Arrived at (3020, 3515, 0)
[22:35:57] ACTION: Selected 'Climb-up' on Ladder
    SCRIPT: GameObjects.closest("Ladder").interact("Climb-up");

[22:35:57] USER_ACTION: Climb-up | Object_Tile: (3021, 3510, 0)
[22:35:57] Movement: Started significant journey from (3030, 3511, 0)
[22:36:02] Position: Arrived at (3022, 3517, 1)
[22:36:11] Movement: Started significant journey from (3022, 3517, 1)
[22:36:11] ACTION: Selected 'Push' on Wall
    SCRIPT: // Push on Wall

[22:36:11] USER_ACTION: Push | Target: Wall
[22:36:17] Position: Arrived at (3030, 3509, 1)
[22:36:19] ACTION: Selected 'Use' on Cabbage
    SCRIPT: Inventory.interact("Cabbage", "Use");

[22:36:19] USER_ACTION: Use | Target: Cabbage
[22:36:20] ACTION: Selected 'Use' on Cabbage -> Hole
    SCRIPT: // Item-on-item
Inventory.use("Cabbage", "Hole");

[22:36:20] USER_ACTION: Use | Target: Cabbage -> Hole
[22:36:21] Movement: Started significant journey from (3030, 3509, 1)
[22:36:22] Position: Arrived at (3031, 3508, 1)
[22:39:49] ACTION: Selected 'Cast' on Falador Teleport
    SCRIPT: // Cast on Falador Teleport

[22:39:49] USER_ACTION: Cast | Target: Falador Teleport
[22:39:49] ACTION: Opened magic spellbook
    SCRIPT: Tabs.open(Tab.MAGIC)

[22:39:49] SPELLBOOK_OPENED: Player opened the magic spellbook
[22:40:04] ACTION: Selected 'Open' on Castle door
    SCRIPT: GameObjects.closest("Castle door").interact("Open");

[22:40:04] USER_ACTION: Open | Object_Tile: (2965, 3339, 0)
[22:41:45] QUEST_END: === QUEST RECORDING ENDED ===
