=====================================
    QUEST SCRIPT RECREATION LOG     
=====================================
Quest: Black Knights' Fortress
Started: 2025-08-31 13:08:22
Player: 72diamond329
Starting Location: (3217, 3428, 0)
Starting Inventory: Water rune x67, Energy potion(4) x8, Salmon x5, Law rune x63, Energy potion(1), Coins x84, Wizard hat, Air rune x46, Gold bar, Earth rune x70, Black robe, Chaos rune x69, Cabbage
=====================================

[13:08:22] CONSOLE_INTEGRATION: DreamBot console logging enabled - all script output will be mirrored to quest log file
[13:08:22] CONSOLE_INFO: Quest log location: C:\Users\Leone\Desktop\Projects in progress\Dreambot Projects\AI Quest system\quest_logs\
[13:08:22] CONSOLE_INFO: DreamBot script: Quest Action Recorder v4.3
[13:08:22] ACTION: Quest recording started
    SCRIPT: // Quest: Black Knights' Fortress

[13:08:22] ACTIVE_QUEST_DETECTED: BLACK_KNIGHTS_FORTRESS is currently in progress
[13:10:20] ACTION: Consumed Energy potion(4)
    SCRIPT: Inventory.interact("Energy potion(4)", "Drink")

[13:10:24] ACTION: Selected 'Push' on Wall
    SCRIPT: // Push on Wall

[13:10:24] USER_ACTION: Push | Target: Wall
[13:10:29] ACTION: Consumed Energy potion(4)
    SCRIPT: Inventory.interact("Energy potion(4)", "Drink")

[13:10:43] ACTION: Selected 'Open' on Sturdy door
    SCRIPT: GameObjects.closest("Sturdy door").interact("Open");

[13:10:43] USER_ACTION: Open | Object_Tile: (3016, 3514, 0)
[13:10:46] QUEST_END: === QUEST RECORDING ENDED ===
