=====================================
    QUEST SCRIPT RECREATION LOG     
=====================================
Quest: Dragon Slayer - Boat Obtaining (debug)
Started: 2025-09-05 01:06:40
Player: WhoCouldHave
Starting Location: (3185, 3437, 0)
Starting Inventory: Energy potion(3), Energy potion(4) x3, Hammer, Water rune x183, Salmon x7, Coins x2000, Law rune x42, Crandor map, Air rune x342, Earth rune x215, Steel nails x90, Plank x3, Chaos rune x189, Anti-dragon shield
=====================================

[01:06:40] CONSOLE_INTEGRATION: DreamBot console logging enabled - all script output will be mirrored to quest log file
[01:06:40] CONSOLE_INFO: Quest log location: C:\Users\Leone\Desktop\Projects in progress\Dreambot Projects\AI Quest system\quest_logs\
[01:06:40] CONSOLE_INFO: DreamBot script: Quest Action Recorder v4.3
[01:06:40] ACTION: Quest recording started
    SCRIPT: // Quest: Dragon Slayer - Boat Obtaining (debug)

[01:06:40] ACTIVE_QUEST_DETECTED: DRAGON_SLAYER is currently in progress
[01:07:17] ACTION: Selected 'Open' on Door
    SCRIPT: GameObjects.closest("Door").interact("Open");

[01:07:17] USER_ACTION: Open | Object_Tile: (3191, 3363, 0) | Object_ID: 1805
[01:07:31] ACTION: Selected 'Talk-to' on Guildmaster
    SCRIPT: NPCs.closest("Guildmaster").interact("Talk-to");

[01:07:31] USER_ACTION: Talk-to | NPC_Tile: (3189, 3360, 0) | NPC_ID: 814
[01:07:46] ACTION: Selected 'Cast' on Falador Teleport
    SCRIPT: // Cast on Falador Teleport

[01:07:46] USER_ACTION: Cast | Target: Falador Teleport
[01:07:46] ACTION: Opened magic spellbook
    SCRIPT: Tabs.open(Tab.MAGIC)

[01:07:46] SPELLBOOK_OPENED: Player opened the magic spellbook
[01:07:47] ACTION: Selected 'Cast' on Falador Teleport
    SCRIPT: // Cast on Falador Teleport

[01:07:47] USER_ACTION: Cast | Target: Falador Teleport
[01:09:34] ACTION: Selected 'Talk-to' on Klarense
    SCRIPT: NPCs.closest("Klarense").interact("Talk-to");

[01:09:34] USER_ACTION: Talk-to | NPC_Tile: (3046, 3204, 0) | NPC_ID: 819
[01:09:49] ACTION: Consumed Energy potion(4)
    SCRIPT: Inventory.interact("Energy potion(4)", "Drink")

[01:09:53] ACTION: Consumed Energy potion(3)
    SCRIPT: Inventory.interact("Energy potion(3)", "Drink")

[01:09:54] ACTION: Selected 'Talk-to' on Klarense
    SCRIPT: NPCs.closest("Klarense").interact("Talk-to");

[01:09:54] USER_ACTION: Talk-to | NPC_Tile: (3046, 3204, 0) | NPC_ID: 819
[01:10:06] ACTION: Selected 'Cross' on Gangplank
    SCRIPT: // Cross on Gangplank

[01:10:06] USER_ACTION: Cross | Target: Gangplank
[01:10:10] ACTION: Selected 'Climb-down' on Ladder
    SCRIPT: GameObjects.closest("Ladder").interact("Climb-down");

[01:10:10] USER_ACTION: Climb-down | Object_Tile: (3049, 3208, 1) | Object_ID: 2590
[01:10:13] ACTION: Selected 'Repair' on Hole
    SCRIPT: // Repair on Hole

[01:10:13] USER_ACTION: Repair | Target: Hole
[01:10:16] ACTION: Selected 'Repair' on Hole
    SCRIPT: // Repair on Hole

[01:10:16] USER_ACTION: Repair | Target: Hole
[01:10:18] ACTION: Selected 'Repair' on Hole
    SCRIPT: // Repair on Hole

[01:10:18] USER_ACTION: Repair | Target: Hole
[01:10:31] ACTION: Selected 'Repair' on Hole
    SCRIPT: // Repair on Hole

[01:10:31] USER_ACTION: Repair | Target: Hole
[01:10:42] ACTION: Selected 'Climb-up' on Ladder
    SCRIPT: GameObjects.closest("Ladder").interact("Climb-up");

[01:10:42] USER_ACTION: Climb-up | Object_Tile: (3049, 9640, 1) | Object_ID: 2592
[01:10:44] ACTION: Selected 'Cross' on Gangplank
    SCRIPT: // Cross on Gangplank

[01:10:44] USER_ACTION: Cross | Target: Gangplank
[01:10:48] ACTION: Selected 'Cross' on Gangplank
    SCRIPT: // Cross on Gangplank

[01:10:48] USER_ACTION: Cross | Target: Gangplank
[01:10:52] ACTION: Selected 'Climb-down' on Ladder
    SCRIPT: GameObjects.closest("Ladder").interact("Climb-down");

[01:10:52] USER_ACTION: Climb-down | Object_Tile: (3049, 3208, 1) | Object_ID: 2590
[01:10:59] QUEST_END: === QUEST RECORDING ENDED ===
