=====================================
    QUEST SCRIPT RECREATION LOG     
=====================================
Quest: Free_Discovery
Started: 2025-08-01 02:05:34
Player: 72diamond329
Starting Location: (3213, 3422, 0)
Starting Inventory: Energy potion(3) x2, Energy potion(4) x11, Coins x232782
=====================================

[02:05:34] CONSOLE_INTEGRATION: DreamBot console logging enabled - all script output will be mirrored to quest log file
[02:05:34] CONSOLE_INFO: Quest log location: C:\Users\Leone\Desktop\Projects in progress\Dreambot Projects\AI Quest system\quest_logs\
[02:05:34] CONSOLE_INFO: DreamBot script: Quest Action Recorder v4.3
[02:05:34] ACTION: Quest recording started
    SCRIPT: // Quest: Free_Discovery

[02:05:34] ACTIVE_QUEST_DETECTED: RUNE_MYSTERIES is currently in progress
[02:05:34] QUEST STEP 1: VARBIT_DISCOVERY_STARTED
    SCRIPT: // Quest varbit discovery initiated - monitoring 69 varbits (including 0-values)

[02:05:34] QUEST STEP 2: CONFIG_DISCOVERY_STARTED
    SCRIPT: // Quest config discovery initiated - monitoring 50 configs (including 0-values)

[02:05:36] ACTION: Selected 'Talk-to' on Romeo
    SCRIPT: NPCs.closest("Romeo").interact("Talk-to");

[02:05:36] USER_ACTION: Talk-to | NPC_Tile: (3212, 3430, 0)
[02:05:36] Movement: Started significant journey from (3213, 3422, 0)
[02:05:39] Position: Arrived at (3212, 3429, 0)
[02:05:40] Dialogue Options Available: [Yes, I have seen her actually!, No sorry, I haven't seen her., Perhaps I could help to find her for you?]
[02:05:40] ACTION: DIALOGUE_SELECTION
    SCRIPT: Perhaps I could help to find her for you?

[02:05:40] ACTION: DIALOGUE_SELECTION
    SCRIPT: Perhaps I could help to find her for you?

[02:05:40] ACTION: DIALOGUE_SELECTION
    SCRIPT: Perhaps I could help to find her for you?

[02:05:40] ACTION: DIALOGUE_SELECTION
    SCRIPT: Perhaps I could help to find her for you?

[02:05:40] ACTION: DIALOGUE_SELECTION
    SCRIPT: Perhaps I could help to find her for you?

[02:05:40] ACTION: DIALOGUE_SELECTION
    SCRIPT: Perhaps I could help to find her for you?

[02:05:40] ACTION: DIALOGUE_SELECTION
    SCRIPT: Perhaps I could help to find her for you?

[02:05:40] ACTION: DIALOGUE_SELECTION
    SCRIPT: Perhaps I could help to find her for you?

[02:05:41] ACTION: DIALOGUE_SELECTION
    SCRIPT: Perhaps I could help to find her for you?

[02:05:41] ACTION: DIALOGUE_SELECTION
    SCRIPT: Perhaps I could help to find her for you?

[02:05:41] ACTION: DIALOGUE_SELECTION
    SCRIPT: Perhaps I could help to find her for you?

[02:05:41] ACTION: DIALOGUE_SELECTION
    SCRIPT: Perhaps I could help to find her for you?

[02:05:41] ACTION: DIALOGUE_SELECTION
    SCRIPT: Perhaps I could help to find her for you?

[02:05:41] ACTION: DIALOGUE_SELECTION
    SCRIPT: Perhaps I could help to find her for you?

[02:05:41] ACTION: DIALOGUE_SELECTION
    SCRIPT: Perhaps I could help to find her for you?

[02:05:41] ACTION: DIALOGUE_SELECTION
    SCRIPT: Perhaps I could help to find her for you?

[02:05:41] ACTION: DIALOGUE_SELECTION
    SCRIPT: Perhaps I could help to find her for you?

[02:05:41] ACTION: DIALOGUE_SELECTION
    SCRIPT: Perhaps I could help to find her for you?

[02:05:42] ACTION: DIALOGUE_SELECTION
    SCRIPT: Perhaps I could help to find her for you?

[02:05:42] ACTION: DIALOGUE_SELECTION
    SCRIPT: Perhaps I could help to find her for you?

[02:05:42] ACTION: DIALOGUE_SELECTION
    SCRIPT: Perhaps I could help to find her for you?

[02:05:42] ACTION: DIALOGUE_SELECTION
    SCRIPT: Perhaps I could help to find her for you?

[02:05:42] ACTION: DIALOGUE_SELECTION
    SCRIPT: Perhaps I could help to find her for you?

[02:05:42] ACTION: DIALOGUE_SELECTION
    SCRIPT: Perhaps I could help to find her for you?

[02:05:42] ACTION: DIALOGUE_SELECTION
    SCRIPT: Perhaps I could help to find her for you?

[02:05:42] ACTION: DIALOGUE_SELECTION
    SCRIPT: Perhaps I could help to find her for you?

[02:05:42] ACTION: DIALOGUE_SELECTION
    SCRIPT: Perhaps I could help to find her for you?

[02:05:42] ACTION: DIALOGUE_SELECTION
    SCRIPT: Perhaps I could help to find her for you?

[02:05:43] ACTION: DIALOGUE_SELECTION
    SCRIPT: Perhaps I could help to find her for you?

[02:05:43] ACTION: DIALOGUE_SELECTION
    SCRIPT: Perhaps I could help to find her for you?

[02:05:43] ACTION: DIALOGUE_SELECTION
    SCRIPT: Perhaps I could help to find her for you?

[02:05:43] ACTION: DIALOGUE_SELECTION
    SCRIPT: Perhaps I could help to find her for you?

[02:05:43] ACTION: DIALOGUE_SELECTION
    SCRIPT: Perhaps I could help to find her for you?

[02:05:43] ACTION: DIALOGUE_SELECTION
    SCRIPT: Perhaps I could help to find her for you?

[02:05:43] ACTION: DIALOGUE_SELECTION
    SCRIPT: Perhaps I could help to find her for you?

[02:05:43] ACTION: DIALOGUE_SELECTION
    SCRIPT: Perhaps I could help to find her for you?

[02:05:43] ACTION: DIALOGUE_SELECTION
    SCRIPT: Perhaps I could help to find her for you?

[02:05:43] ACTION: DIALOGUE_SELECTION
    SCRIPT: Perhaps I could help to find her for you?

[02:05:44] ACTION: DIALOGUE_SELECTION
    SCRIPT: Perhaps I could help to find her for you?

[02:05:44] ACTION: DIALOGUE_SELECTION
    SCRIPT: Perhaps I could help to find her for you?

[02:05:44] ACTION: DIALOGUE_SELECTION
    SCRIPT: Perhaps I could help to find her for you?

[02:05:44] ACTION: DIALOGUE_SELECTION
    SCRIPT: Perhaps I could help to find her for you?

[02:05:44] ACTION: DIALOGUE_SELECTION
    SCRIPT: Perhaps I could help to find her for you?

[02:05:44] ACTION: DIALOGUE_SELECTION
    SCRIPT: Perhaps I could help to find her for you?

[02:05:44] ACTION: DIALOGUE_SELECTION
    SCRIPT: Perhaps I could help to find her for you?

[02:05:44] ACTION: DIALOGUE_SELECTION
    SCRIPT: Perhaps I could help to find her for you?

[02:05:44] ACTION: DIALOGUE_SELECTION
    SCRIPT: Perhaps I could help to find her for you?

[02:05:44] ACTION: DIALOGUE_SELECTION
    SCRIPT: Perhaps I could help to find her for you?

[02:05:45] ACTION: DIALOGUE_SELECTION
    SCRIPT: Perhaps I could help to find her for you?

[02:05:45] ACTION: DIALOGUE_SELECTION
    SCRIPT: Perhaps I could help to find her for you?

[02:05:45] ACTION: DIALOGUE_SELECTION
    SCRIPT: Perhaps I could help to find her for you?

[02:05:45] ACTION: DIALOGUE_SELECTION
    SCRIPT: Perhaps I could help to find her for you?

[02:05:45] ACTION: DIALOGUE_SELECTION
    SCRIPT: Perhaps I could help to find her for you?

[02:05:45] ACTION: DIALOGUE_SELECTION
    SCRIPT: Perhaps I could help to find her for you?

[02:05:45] ACTION: DIALOGUE_SELECTION
    SCRIPT: Perhaps I could help to find her for you?

[02:05:45] ACTION: DIALOGUE_SELECTION
    SCRIPT: Perhaps I could help to find her for you?

[02:05:45] ACTION: DIALOGUE_SELECTION
    SCRIPT: Perhaps I could help to find her for you?

[02:05:45] ACTION: DIALOGUE_SELECTION
    SCRIPT: Perhaps I could help to find her for you?

[02:05:46] ACTION: DIALOGUE_SELECTION
    SCRIPT: Perhaps I could help to find her for you?

[02:05:46] ACTION: DIALOGUE_SELECTION
    SCRIPT: Perhaps I could help to find her for you?

[02:05:46] ACTION: DIALOGUE_SELECTION
    SCRIPT: Perhaps I could help to find her for you?

[02:05:46] ACTION: DIALOGUE_SELECTION
    SCRIPT: Perhaps I could help to find her for you?

[02:05:46] ACTION: DIALOGUE_SELECTION
    SCRIPT: Perhaps I could help to find her for you?

[02:05:46] ACTION: DIALOGUE_SELECTION
    SCRIPT: Perhaps I could help to find her for you?

[02:05:46] ACTION: DIALOGUE_SELECTION
    SCRIPT: Perhaps I could help to find her for you?

[02:05:46] ACTION: DIALOGUE_SELECTION
    SCRIPT: Perhaps I could help to find her for you?

[02:05:46] ACTION: DIALOGUE_SELECTION
    SCRIPT: Perhaps I could help to find her for you?

[02:05:46] ACTION: DIALOGUE_SELECTION
    SCRIPT: Perhaps I could help to find her for you?

[02:05:47] ACTION: DIALOGUE_SELECTION
    SCRIPT: Perhaps I could help to find her for you?

[02:05:47] ACTION: DIALOGUE_SELECTION
    SCRIPT: Perhaps I could help to find her for you?

[02:05:47] ACTION: DIALOGUE_SELECTION
    SCRIPT: Perhaps I could help to find her for you?

[02:05:47] ACTION: DIALOGUE_SELECTION
    SCRIPT: Perhaps I could help to find her for you?

[02:05:47] ACTION: DIALOGUE_SELECTION
    SCRIPT: Perhaps I could help to find her for you?

[02:05:47] ACTION: DIALOGUE_SELECTION
    SCRIPT: Perhaps I could help to find her for you?

[02:05:47] ACTION: DIALOGUE_SELECTION
    SCRIPT: Perhaps I could help to find her for you?

[02:05:47] ACTION: DIALOGUE_SELECTION
    SCRIPT: Perhaps I could help to find her for you?

[02:05:47] ACTION: DIALOGUE_SELECTION
    SCRIPT: Perhaps I could help to find her for you?

[02:05:47] ACTION: DIALOGUE_SELECTION
    SCRIPT: Perhaps I could help to find her for you?

[02:05:48] ACTION: DIALOGUE_SELECTION
    SCRIPT: Perhaps I could help to find her for you?

[02:05:48] ACTION: DIALOGUE_SELECTION
    SCRIPT: Perhaps I could help to find her for you?

[02:05:48] ACTION: DIALOGUE_SELECTION
    SCRIPT: Perhaps I could help to find her for you?

[02:05:48] ACTION: DIALOGUE_SELECTION
    SCRIPT: Perhaps I could help to find her for you?

[02:05:48] ACTION: DIALOGUE_SELECTION
    SCRIPT: Perhaps I could help to find her for you?

[02:05:48] ACTION: DIALOGUE_SELECTION
    SCRIPT: Perhaps I could help to find her for you?

[02:05:48] ACTION: DIALOGUE_SELECTION
    SCRIPT: Perhaps I could help to find her for you?

[02:05:48] ACTION: DIALOGUE_SELECTION
    SCRIPT: Perhaps I could help to find her for you?

[02:05:48] ACTION: DIALOGUE_SELECTION
    SCRIPT: Perhaps I could help to find her for you?

[02:05:48] ACTION: DIALOGUE_SELECTION
    SCRIPT: Perhaps I could help to find her for you?

[02:05:49] ACTION: DIALOGUE_SELECTION
    SCRIPT: Perhaps I could help to find her for you?

[02:05:49] ACTION: DIALOGUE_SELECTION
    SCRIPT: Perhaps I could help to find her for you?

[02:05:49] ACTION: DIALOGUE_SELECTION
    SCRIPT: Perhaps I could help to find her for you?

[02:05:49] ACTION: DIALOGUE_SELECTION
    SCRIPT: Perhaps I could help to find her for you?

[02:05:49] ACTION: DIALOGUE_SELECTION
    SCRIPT: Perhaps I could help to find her for you?

[02:05:49] ACTION: DIALOGUE_SELECTION
    SCRIPT: Perhaps I could help to find her for you?

[02:05:49] ACTION: DIALOGUE_SELECTION
    SCRIPT: Perhaps I could help to find her for you?

[02:05:49] ACTION: DIALOGUE_SELECTION
    SCRIPT: Perhaps I could help to find her for you?

[02:05:49] ACTION: DIALOGUE_SELECTION
    SCRIPT: Perhaps I could help to find her for you?

[02:05:49] ACTION: DIALOGUE_SELECTION
    SCRIPT: Perhaps I could help to find her for you?

[02:05:50] ACTION: DIALOGUE_SELECTION
    SCRIPT: Perhaps I could help to find her for you?

[02:05:50] ACTION: DIALOGUE_SELECTION
    SCRIPT: Perhaps I could help to find her for you?

[02:05:50] ACTION: DIALOGUE_SELECTION
    SCRIPT: Perhaps I could help to find her for you?

[02:05:50] ACTION: DIALOGUE_SELECTION
    SCRIPT: Perhaps I could help to find her for you?

[02:05:50] ACTION: DIALOGUE_SELECTION
    SCRIPT: Perhaps I could help to find her for you?

[02:05:50] ACTION: DIALOGUE_SELECTION
    SCRIPT: Perhaps I could help to find her for you?

[02:05:50] ACTION: DIALOGUE_SELECTION
    SCRIPT: Perhaps I could help to find her for you?

[02:05:50] ACTION: DIALOGUE_SELECTION
    SCRIPT: Perhaps I could help to find her for you?

[02:05:50] ACTION: DIALOGUE_SELECTION
    SCRIPT: Perhaps I could help to find her for you?

[02:05:50] ACTION: DIALOGUE_SELECTION
    SCRIPT: Perhaps I could help to find her for you?

[02:05:51] ACTION: DIALOGUE_SELECTION
    SCRIPT: Perhaps I could help to find her for you?

[02:05:51] ACTION: DIALOGUE_SELECTION
    SCRIPT: Perhaps I could help to find her for you?

[02:05:51] ACTION: DIALOGUE_SELECTION
    SCRIPT: Perhaps I could help to find her for you?

[02:05:51] ACTION: DIALOGUE_SELECTION
    SCRIPT: Perhaps I could help to find her for you?

[02:05:51] ACTION: DIALOGUE_SELECTION
    SCRIPT: Perhaps I could help to find her for you?

[02:05:51] ACTION: DIALOGUE_SELECTION
    SCRIPT: Perhaps I could help to find her for you?

[02:05:51] ACTION: DIALOGUE_SELECTION
    SCRIPT: Perhaps I could help to find her for you?

[02:05:51] ACTION: DIALOGUE_SELECTION
    SCRIPT: Perhaps I could help to find her for you?

[02:05:51] ACTION: DIALOGUE_SELECTION
    SCRIPT: Perhaps I could help to find her for you?

[02:05:51] ACTION: DIALOGUE_SELECTION
    SCRIPT: Perhaps I could help to find her for you?

[02:14:41] QUEST_END: === QUEST RECORDING ENDED ===
