=====================================
    QUEST SCRIPT RECREATION LOG     
=====================================
Quest: Free_Discovery
Started: 2025-08-31 00:38:57
Player: scoober2ber
Starting Location: (3168, 3489, 0)
Starting Inventory: Hammer, Water rune x2, Feather
=====================================

[00:38:57] CONSOLE_INTEGRATION: DreamBot console logging enabled - all script output will be mirrored to quest log file
[00:38:57] CONSOLE_INFO: Quest log location: C:\Users\Leone\Desktop\Projects in progress\Dreambot Projects\AI Quest system\quest_logs\
[00:38:57] CONSOLE_INFO: DreamBot script: Quest Action Recorder v4.3
[00:38:57] ACTION: Quest recording started
    SCRIPT: // Quest: Free_Discovery

[00:38:57] QUEST STEP 1: VARBIT_DISCOVERY_STARTED
    SCRIPT: // Quest varbit discovery initiated - monitoring 1636 varbits (including 0-values)

[00:38:57] QUEST STEP 2: CONFIG_DISCOVERY_STARTED
    SCRIPT: // Quest config discovery initiated - monitoring 50 configs (including 0-values)

=====================================
    QUEST SCRIPT RECREATION LOG     
=====================================
Quest: Free_Discovery
Started: 2025-08-31 00:38:57
Player: scoober2ber
Starting Location: (3168, 3489, 0)
Starting Inventory: Hammer, Water rune x2, Feather
=====================================

[00:38:57] CONSOLE_INTEGRATION: DreamBot console logging enabled - all script output will be mirrored to quest log file
[00:38:57] CONSOLE_INFO: Quest log location: C:\Users\Leone\Desktop\Projects in progress\Dreambot Projects\AI Quest system\quest_logs\
[00:38:57] CONSOLE_INFO: DreamBot script: Quest Action Recorder v4.3
[00:38:57] ACTION: Quest recording started
    SCRIPT: // Quest: Free_Discovery

[00:38:57] QUEST STEP 1: VARBIT_DISCOVERY_STARTED
    SCRIPT: // Quest varbit discovery initiated - monitoring 1636 varbits (including 0-values)

[00:38:57] QUEST STEP 2: CONFIG_DISCOVERY_STARTED
    SCRIPT: // Quest config discovery initiated - monitoring 50 configs (including 0-values)

[00:39:03] ACTION: Selected 'Bank' on Grand Exchange booth
    SCRIPT: // Bank on Grand Exchange booth

[00:39:03] Movement: Started significant journey from (3168, 3489, 0)
[00:39:04] Position: Arrived at (3167, 3489, 0)
[00:39:07] ACTION: Selected 'Withdraw-1' on Feather
    SCRIPT: // Withdraw-1 on Feather

[00:39:08] ACTION: Selected 'Withdraw-1' on Feather
    SCRIPT: // Withdraw-1 on Feather

[00:39:14] Movement: Started significant journey from (3167, 3489, 0)
[00:39:15] Position: Arrived at (3168, 3491, 0)
[00:39:21] Position: Arrived at (3169, 3496, 0)
[00:39:26] ACTION: Selected 'Loot' on Loot Chest
    SCRIPT: // Loot on Loot Chest

[00:39:26] USER_ACTION: Loot | Target: Loot Chest
[00:39:26] Movement: Started significant journey from (3168, 3497, 0)
[00:39:27] Position: Arrived at (3168, 3498, 0)
[00:39:41] Movement: Started significant journey from (3168, 3498, 0)
[00:39:43] Position: Arrived at (3173, 3493, 0)
[00:39:55] ACTION: Completed journey: 29 tiles
    SCRIPT: Walking.walk(new Tile(3197, 3476, 0))

[00:39:55] Journey: Walked 29 tiles in 12s | (3173, 3493, 0) → (3197, 3476, 0)
[00:39:55] Position: Arrived at (3197, 3476, 0)
[00:40:02] Movement: Started significant journey from (3197, 3475, 0)
[00:40:15] Position: Arrived at (3213, 3465, 0)
[00:40:31] ACTION: Selected 'Climb-up' on Staircase
    SCRIPT: GameObjects.closest("Staircase").interact("Climb-up");

[00:40:31] USER_ACTION: Climb-up | Object_Tile: (3212, 3473, 0)
[00:40:32] Movement: Started significant journey from (3213, 3465, 0)
[00:40:34] Position: Arrived at (3213, 3472, 0)
[00:40:46] Position: Arrived at (3211, 3491, 1)
[00:40:46] ACTION: Selected 'Pray-at' on Altar
    SCRIPT: // Pray-at on Altar

[00:40:46] USER_ACTION: Pray-at | Target: Altar
[00:40:47] Movement: Started significant journey from (3212, 3491, 1)
[00:40:51] Position: Arrived at (3209, 3494, 1)
[00:41:03] ACTION: Selected 'Attack' on Guard
    SCRIPT: NPCs.closest("Guard").interact("Attack");

[00:41:03] USER_ACTION: Attack | NPC_Tile: (3210, 3491, 1)
[00:41:04] Movement: Started significant journey from (3209, 3494, 1)
[00:41:10] Position: Arrived at (3205, 3489, 1)
[00:41:41] Movement: Started significant journey from (3205, 3489, 1)
[00:41:46] Position: Arrived at (3209, 3473, 1)
[00:42:00] Movement: Started significant journey from (3209, 3473, 1)
[00:42:03] Position: Arrived at (3212, 3476, 1)
[00:42:05] ACTION: Selected 'Climb-down' on Staircase
    SCRIPT: GameObjects.closest("Staircase").interact("Climb-down");

[00:42:05] USER_ACTION: Climb-down | Object_Tile: (3212, 3474, 1)
[00:43:52] QUEST_END: === QUEST RECORDING ENDED ===
