=====================================
    QUEST SCRIPT RECREATION LOG     
=====================================
Quest: Free_Discovery
Started: 2025-08-31 00:52:21
Player: scoober2ber
Starting Location: (3209, 3379, 0)
Starting Inventory: Hammer, Water rune x2, Feather x3
=====================================

[00:52:21] CONSOLE_INTEGRATION: DreamBot console logging enabled - all script output will be mirrored to quest log file
[00:52:21] CONSOLE_INFO: Quest log location: C:\Users\Leone\Desktop\Projects in progress\Dreambot Projects\AI Quest system\quest_logs\
[00:52:21] CONSOLE_INFO: DreamBot script: Quest Action Recorder v4.3
[00:52:21] ACTION: Quest recording started
    SCRIPT: // Quest: Free_Discovery

[00:52:21] QUEST STEP 1: VARBIT_DISCOVERY_STARTED
    SCRIPT: // Quest varbit discovery initiated - monitoring 1636 varbits (including 0-values)

[00:52:21] QUEST STEP 2: CONFIG_DISCOVERY_STARTED
    SCRIPT: // Quest config discovery initiated - monitoring 50 configs (including 0-values)

[00:52:30] ACTION: Selected 'Attack' on Guard
    SCRIPT: NPCs.closest("Guard").interact("Attack");

[00:52:30] USER_ACTION: Attack | NPC_Tile: (3210, 3376, 0)
[00:52:30] Movement: Started significant journey from (3209, 3379, 0)
[00:52:31] Position: Arrived at (3213, 3382, 0)
[00:53:54] QUEST_END: === QUEST RECORDING ENDED ===
