=====================================
    QUEST SCRIPT RECREATION LOG     
=====================================
Quest: Cook's Assistant
Started: 2025-07-28 23:39:09
Player: LordFareigth
Starting Location: (3166, 3492, 0)
Starting Inventory: Bronze pickaxe, Tinderbox, Coins x206394, Bronze axe
=====================================

[23:39:09] CONSOLE_INTEGRATION: DreamBot console logging enabled - all script output will be mirrored to quest log file
[23:39:09] CONSOLE_INFO: Quest log location: C:\Users\Leone\Desktop\Projects in progress\Dreambot Projects\AI Quest system\quest_logs\
[23:39:09] CONSOLE_INFO: DreamBot script: Quest Action Recorder v4.3
[23:39:09] ACTION: Quest recording started
    SCRIPT: // Quest: Cook's Assistant

[23:39:09] ACTIVE_QUEST_DETECTED: COOKS_ASSISTANT is currently in progress
[23:39:09] DREAMBOT_CONSOLE: CooksAssistant DEBUG: Script initialized successfully
[23:39:09] DREAMBOT_CONSOLE: CooksAssistant DEBUG: Quest logger initialized - logs will be saved to quest_logs/
[23:39:09] DREAMBOT_CONSOLE: CooksAssistant DEBUG: hasRequiredItems() called - returning true (auto-gathering enabled)
[23:39:09] DREAMBOT_CONSOLE: CooksAssistant DEBUG: Quest started callback
=====================================
    QUEST SCRIPT RECREATION LOG     
=====================================
Quest: Cook's Assistant
Started: 2025-07-28 23:39:09
Player: LordFareigth
Starting Location: (3166, 3492, 0)
Starting Inventory: Bronze pickaxe, Tinderbox, Coins x206394, Bronze axe
=====================================

[23:39:09] CONSOLE_INTEGRATION: DreamBot console logging enabled - all script output will be mirrored to quest log file
[23:39:09] CONSOLE_INFO: Quest log location: C:\Users\Leone\Desktop\Projects in progress\Dreambot Projects\AI Quest system\quest_logs\
[23:39:09] CONSOLE_INFO: DreamBot script: Quest Action Recorder v4.3
[23:39:09] ACTION: Quest recording started
    SCRIPT: // Quest: Cook's Assistant

[23:39:09] ACTIVE_QUEST_DETECTED: COOKS_ASSISTANT is currently in progress
[23:39:09] DREAMBOT_CONSOLE: CooksAssistant DEBUG: Checking completion - Config 101: 0, Config 29: 1, Varbit 29: 0, Config 174: 0
[23:39:09] DREAMBOT_CONSOLE: CooksAssistant DEBUG: Quest complete = false
[23:39:09] DREAMBOT_CONSOLE: CooksAssistant DEBUG: Config 101 value: 0
[23:39:09] DREAMBOT_CONSOLE: CooksAssistant DEBUG: Config 29 value: 1
[23:39:09] DREAMBOT_CONSOLE: CooksAssistant DEBUG: Varbit 29 value: 0
[23:39:09] DREAMBOT_CONSOLE: CooksAssistant DEBUG: Config 174 value: 0
[23:39:09] DREAMBOT_CONSOLE: CooksAssistant DEBUG: Quest started = true
[23:39:09] DREAMBOT_CONSOLE: CooksAssistant DEBUG: Inventory check - Egg: false, Milk: false, Flour: false
[23:39:09] DREAMBOT_CONSOLE: CooksAssistant DEBUG: Checking completion - Config 101: 0, Config 29: 1, Varbit 29: 0, Config 174: 0
[23:39:09] DREAMBOT_CONSOLE: CooksAssistant DEBUG: Quest complete = false
[23:39:09] DREAMBOT_CONSOLE: CooksAssistant DEBUG: Checking completion - Config 101: 0, Config 29: 1, Varbit 29: 0, Config 174: 0
[23:39:09] DREAMBOT_CONSOLE: CooksAssistant DEBUG: Quest complete = false
[23:39:09] DREAMBOT_CONSOLE: CooksAssistant DEBUG: Config 101 value: 0
[23:39:09] DREAMBOT_CONSOLE: CooksAssistant DEBUG: Config 29 value: 1
[23:39:09] DREAMBOT_CONSOLE: CooksAssistant DEBUG: Varbit 29 value: 0
[23:39:09] DREAMBOT_CONSOLE: CooksAssistant DEBUG: Config 174 value: 0
[23:39:09] DREAMBOT_CONSOLE: CooksAssistant DEBUG: Quest started = true
[23:39:09] DREAMBOT_CONSOLE: CooksAssistant DEBUG: Inventory check - Egg: false, Milk: false, Flour: false
[23:39:09] DREAMBOT_CONSOLE: CooksAssistant DEBUG: Executing current step...
[23:39:09] DREAMBOT_CONSOLE: CooksAssistant DEBUG: Current config value: 0
[23:39:09] DREAMBOT_CONSOLE: CooksAssistant DEBUG: Checking completion - Config 101: 0, Config 29: 1, Varbit 29: 0, Config 174: 0
[23:39:09] DREAMBOT_CONSOLE: CooksAssistant DEBUG: Quest complete = false
[23:39:09] DREAMBOT_CONSOLE: CooksAssistant DEBUG: Config 101 value: 0
[23:39:09] DREAMBOT_CONSOLE: CooksAssistant DEBUG: Config 29 value: 1
[23:39:09] DREAMBOT_CONSOLE: CooksAssistant DEBUG: Varbit 29 value: 0
[23:39:09] DREAMBOT_CONSOLE: CooksAssistant DEBUG: Config 174 value: 0
[23:39:09] DREAMBOT_CONSOLE: CooksAssistant DEBUG: Quest started = true
[23:39:09] DREAMBOT_CONSOLE: CooksAssistant DEBUG: Quest started, proceeding with quest progression
[23:39:09] DREAMBOT_CONSOLE: CooksAssistant DEBUG: === PROGRESS QUEST START ===
[23:39:09] DREAMBOT_CONSOLE: CooksAssistant DEBUG: Current location: (3166, 3492, 0)
[23:39:09] DREAMBOT_CONSOLE: CooksAssistant DEBUG: Progressing quest...
[23:39:09] DREAMBOT_CONSOLE: CooksAssistant DEBUG: Checking if we have all quest items...
[23:39:09] DREAMBOT_CONSOLE: CooksAssistant DEBUG: Inventory check - Egg: false, Milk: false, Flour: false
[23:39:09] DREAMBOT_CONSOLE: CooksAssistant DEBUG: Missing quest items, gathering them
[23:39:09] DREAMBOT_CONSOLE: CooksAssistant DEBUG: === STARTING ITEM GATHERING ===
[23:39:09] DREAMBOT_CONSOLE: CooksAssistant DEBUG: === GATHER QUEST ITEMS START ===
[23:39:09] DREAMBOT_CONSOLE: CooksAssistant DEBUG: Gathering quest items with Grand Exchange purchasing
[23:39:09] DREAMBOT_CONSOLE: CooksAssistant DEBUG: Current inventory space: 24
[23:39:09] DREAMBOT_CONSOLE: CooksAssistant DEBUG: Current inventory contents:
[23:39:09] DREAMBOT_CONSOLE: CooksAssistant DEBUG: === QUEST ITEM REQUIREMENTS ===
[23:39:09] DREAMBOT_CONSOLE: CooksAssistant DEBUG: Required item: Egg x1
[23:39:09] DREAMBOT_CONSOLE: CooksAssistant DEBUG: Current in inventory: 0
[23:39:09] DREAMBOT_CONSOLE: CooksAssistant DEBUG: Required item: Bucket of milk x1
[23:39:09] DREAMBOT_CONSOLE: CooksAssistant DEBUG: Current in inventory: 0
[23:39:09] DREAMBOT_CONSOLE: CooksAssistant DEBUG: Required item: Pot of flour x1
[23:39:09] DREAMBOT_CONSOLE: CooksAssistant DEBUG: Current in inventory: 0
[23:39:09] DREAMBOT_CONSOLE: CooksAssistant DEBUG: === CALLING ItemGatheringUtil.gatherItems() ===
[23:39:34] DREAMBOT_CONSOLE: CooksAssistant DEBUG: Cleaning up resources
[23:39:34] QUEST_END: === QUEST RECORDING ENDED ===
[23:39:34] QUEST_END: === QUEST RECORDING ENDED ===
