=====================================
    QUEST SCRIPT RECREATION LOG     
=====================================
Quest: Free_Discovery
Started: 2025-08-25 17:22:20
Player: Erm I Spose
Starting Location: (3028, 3479, 0)
Starting Inventory: Mithril platebody, Rune full helm, Water rune x990, Earth rune x1000, Salmon x5, Coins x17736, Law rune x45, Chaos rune x67, Air rune x16, Cabbage
=====================================

[17:22:20] CONSOLE_INTEGRATION: DreamBot console logging enabled - all script output will be mirrored to quest log file
[17:22:20] CONSOLE_INFO: Quest log location: C:\Users\Leone\Desktop\Projects in progress\Dreambot Projects\AI Quest system\quest_logs\
[17:22:20] CONSOLE_INFO: DreamBot script: Quest Action Recorder v4.3
[17:22:20] ACTION: Quest recording started
    SCRIPT: // Quest: Free_Discovery

[17:22:20] ACTIVE_QUEST_DETECTED: BLACK_KNIGHTS_FORTRESS is currently in progress
[17:22:20] QUEST STEP 1: VARBIT_DISCOVERY_STARTED
    SCRIPT: // Quest varbit discovery initiated - monitoring 1636 varbits (including 0-values)

[17:22:20] QUEST STEP 2: CONFIG_DISCOVERY_STARTED (Quest API)
    SCRIPT: // Using Quest API config 130 baseline=1

[17:22:23] QUEST_END: === QUEST RECORDING ENDED ===
