=====================================
    QUEST SCRIPT RECREATION LOG     
=====================================
Quest: Black Knights' Fortress
Started: 2025-08-31 01:09:37
Player: scoober2ber
Starting Location: (3163, 3487, 0)
Starting Inventory: Energy potion(4) x10, Water rune x70, Earth rune x70, Bronze med helm, Rune axe, Coins x35, Law rune x49, Air rune x67, Cabbage, Iron chainbody
=====================================

[01:09:37] CONSOLE_INTEGRATION: DreamBot console logging enabled - all script output will be mirrored to quest log file
[01:09:37] CONSOLE_INFO: Quest log location: C:\Users\Leone\Desktop\Projects in progress\Dreambot Projects\AI Quest system\quest_logs\
[01:09:37] CONSOLE_INFO: DreamBot script: Quest Action Recorder v4.3
[01:09:37] ACTION: Quest recording started
    SCRIPT: // Quest: Black Knights' Fortress

[01:09:39] ACTION: Selected 'Wear' on Bronze med helm
    SCRIPT: Inventory.interact("Bronze med helm", "Wear");

[01:09:39] USER_ACTION: Wear | Target: Bronze med helm
[01:09:40] ACTION: Selected 'Wear' on Iron chainbody
    SCRIPT: Inventory.interact("Iron chainbody", "Wear");

[01:09:40] USER_ACTION: Wear | Target: Iron chainbody
[01:09:40] ACTION: Inventory changed: Items changed
    SCRIPT: // Current inventory: Energy potion(4) x10, Water rune x70, Earth rune x70, Rune axe, Coins x35, Law rune x49, Blue wizard hat, Air rune x67, Cabbage, Iron chainbody

[01:09:40] ACTION: Equipment changed: hat: Blue wizard hat → Bronze med helm
    SCRIPT: // Equipment slots updated: hat: Blue wizard hat → Bronze med helm

[01:09:40] EQUIPMENT_CHANGE: Equipment modified: hat: Blue wizard hat → Bronze med helm
[01:09:46] ACTION: Selected 'Cast' on Falador Teleport
    SCRIPT: // Cast on Falador Teleport

[01:09:46] USER_ACTION: Cast | Target: Falador Teleport
[01:09:46] ACTION: Opened magic spellbook
    SCRIPT: Tabs.open(Tab.MAGIC)

[01:09:46] SPELLBOOK_OPENED: Player opened the magic spellbook
[01:10:08] ACTION: Selected 'Climb-up' on Staircase
    SCRIPT: GameObjects.closest("Staircase").interact("Climb-up");

[01:10:08] USER_ACTION: Climb-up | Object_Tile: (2968, 3347, 0)
[01:10:24] ACTION: Selected 'Open' on Door
    SCRIPT: GameObjects.closest("Door").interact("Open");

[01:10:24] USER_ACTION: Open | Object_Tile: (2983, 3348, 1)
[01:10:32] ACTION: Selected 'Climb-up' on Ladder
    SCRIPT: GameObjects.closest("Ladder").interact("Climb-up");

[01:10:32] USER_ACTION: Climb-up | Object_Tile: (2983, 3351, 1)
[01:10:32] QUEST_END: === QUEST RECORDING ENDED ===
