=====================================
    QUEST SCRIPT RECREATION LOG     
=====================================
Quest: Ernest the Chicken
Started: 2025-08-31 13:23:07
Player: 72diamond329
Starting Location: (2958, 3336, 2)
Starting Inventory: Gold bar, Energy potion(3) x2, Water rune x66, Energy potion(4) x6, Earth rune x70, Salmon x5, Law rune x62, Energy potion(1), Coins x2584, Air rune x34, Chaos rune x66
=====================================

[13:23:07] CONSOLE_INTEGRATION: DreamBot console logging enabled - all script output will be mirrored to quest log file
[13:23:07] CONSOLE_INFO: Quest log location: C:\Users\Leone\Desktop\Projects in progress\Dreambot Projects\AI Quest system\quest_logs\
[13:23:07] CONSOLE_INFO: DreamBot script: Quest Action Recorder v4.3
[13:23:07] ACTION: Quest recording started
    SCRIPT: // Quest: Ernest the Chicken

[13:23:10] ACTION: Selected 'Cast' on Lumbridge Teleport
    SCRIPT: // Cast on Lumbridge Teleport

[13:23:10] USER_ACTION: Cast | Target: Lumbridge Teleport
[13:23:10] ACTION: Opened magic spellbook
    SCRIPT: Tabs.open(Tab.MAGIC)

[13:23:10] SPELLBOOK_OPENED: Player opened the magic spellbook
[13:24:14] ACTION: Selected 'Talk-to' on Veronica
    SCRIPT: NPCs.closest("Veronica").interact("Talk-to");

[13:24:14] USER_ACTION: Talk-to | NPC_Tile: (3110, 3328, 0)
[13:24:39] ACTION: Selected 'Open' on Large door
    SCRIPT: GameObjects.closest("Large door").interact("Open");

[13:24:39] USER_ACTION: Open | Object_Tile: (3109, 3353, 0)
[13:24:40] ACTION: Selected 'Open' on Door
    SCRIPT: GameObjects.closest("Door").interact("Open");

[13:24:40] USER_ACTION: Open | Object_Tile: (3109, 3358, 0)
[13:24:53] ACTION: Selected 'Open' on Door
    SCRIPT: GameObjects.closest("Door").interact("Open");

[13:24:53] USER_ACTION: Open | Object_Tile: (3106, 3369, 0)
[13:24:55] ACTION: Selected 'Open' on Door
    SCRIPT: GameObjects.closest("Door").interact("Open");

[13:24:55] USER_ACTION: Open | Object_Tile: (3102, 3371, 0)
[13:24:58] ACTION: Selected 'Take' on Poison
    SCRIPT: // Take on Poison

[13:24:58] USER_ACTION: Take | Target: Poison
[13:25:11] ACTION: Selected 'Climb-up' on Staircase
    SCRIPT: GameObjects.closest("Staircase").interact("Climb-up");

[13:25:11] USER_ACTION: Climb-up | Object_Tile: (3108, 3362, 0)
[13:25:30] ACTION: Selected 'Open' on Door
    SCRIPT: GameObjects.closest("Door").interact("Open");

[13:25:30] USER_ACTION: Open | Object_Tile: (3116, 3361, 1)
[13:25:37] ACTION: Selected 'Take' on Fish food
    SCRIPT: // Take on Fish food

[13:25:37] USER_ACTION: Take | Target: Fish food
[13:25:39] ACTION: Selected 'Use' on Fish food
    SCRIPT: Inventory.interact("Fish food", "Use");

[13:25:39] USER_ACTION: Use | Target: Fish food
[13:25:39] ACTION: Inventory changed: Items gained
    SCRIPT: // Current inventory: Energy potion(3) x2, Water rune x66, Energy potion(4) x6, Salmon x5, Law rune x61, Energy potion(1), Coins x2584, Air rune x31, Fish food, Gold bar, Earth rune x69, Poison, Chaos rune x66

[13:25:39] ACTION: Selected 'Use' on Fish food -> Poison
    SCRIPT: // Item-on-item
Inventory.use("Fish food", "Poison");

[13:25:39] USER_ACTION: Use | Target: Fish food -> Poison
[13:25:52] ACTION: Consumed Energy potion(4)
    SCRIPT: Inventory.interact("Energy potion(4)", "Drink")

[13:25:55] ACTION: Consumed Energy potion(4)
    SCRIPT: Inventory.interact("Energy potion(4)", "Drink")

[13:26:06] QUEST_END: === QUEST RECORDING ENDED ===
