=====================================
    QUEST SCRIPT RECREATION LOG     
=====================================
Quest: Free_Discovery
Started: 2025-08-31 12:51:16
Player: WhoCouldHave
Starting Location: (2979, 3343, 0)
Starting Inventory: Energy potion(3) x5, Water rune x154, Energy potion(4) x5, Earth rune x2992, Spade, Bronze pickaxe, Law rune x80, Coins x348, Chaos rune x63, Air rune x83, Amulet of accuracy, Air talisman
=====================================

[12:51:16] CONSOLE_INTEGRATION: DreamBot console logging enabled - all script output will be mirrored to quest log file
[12:51:16] CONSOLE_INFO: Quest log location: C:\Users\Leone\Desktop\Projects in progress\Dreambot Projects\AI Quest system\quest_logs\
[12:51:16] CONSOLE_INFO: DreamBot script: Quest Action Recorder v4.3
[12:51:16] ACTION: Quest recording started
    SCRIPT: // Quest: Free_Discovery

[12:51:16] ACTIVE_QUEST_DETECTED: PRINCE_ALI_RESCUE is currently in progress
[12:51:16] QUEST STEP 1: VARBIT_DISCOVERY_STARTED
    SCRIPT: // Quest varbit discovery initiated - monitoring 1636 varbits (including 0-values)

[12:51:16] QUEST STEP 2: CONFIG_DISCOVERY_STARTED (Quest API)
    SCRIPT: // Using Quest API config 273 baseline=10

[12:51:34] QUEST_END: === QUEST RECORDING ENDED ===
