=====================================
    QUEST SCRIPT RECREATION LOG     
=====================================
Quest: Vampire Slayer
Started: 2025-08-31 00:35:19
Player: WhoCouldHave
Starting Location: (3209, 3424, 0)
Starting Inventory: Water rune x159, Energy potion(4) x8, Hammer, Spade, Bronze pickaxe, Law rune x96, Coins x348, Energy potion(2), Air rune x152, Amulet of accuracy, Beer, Earth rune x2999, Redberry pie, Garlic, Chaos rune x70, Iron bar x2
=====================================

[00:35:19] CONSOLE_INTEGRATION: DreamBot console logging enabled - all script output will be mirrored to quest log file
[00:35:19] CONSOLE_INFO: Quest log location: C:\Users\Leone\Desktop\Projects in progress\Dreambot Projects\AI Quest system\quest_logs\
[00:35:19] CONSOLE_INFO: DreamBot script: Quest Action Recorder v4.3
[00:35:19] ACTION: Quest recording started
    SCRIPT: // Quest: Vampire Slayer

[00:35:19] ACTIVE_QUEST_DETECTED: PRINCE_ALI_RESCUE is currently in progress
[00:35:21] ACTION: Selected 'Cast' on Lumbridge Teleport
    SCRIPT: // Cast on Lumbridge Teleport

[00:35:21] USER_ACTION: Cast | Target: Lumbridge Teleport
[00:35:21] ACTION: Opened magic spellbook
    SCRIPT: Tabs.open(Tab.MAGIC)

[00:35:21] SPELLBOOK_OPENED: Player opened the magic spellbook
[00:36:33] ACTION: Selected 'Open' on Door
    SCRIPT: GameObjects.closest("Door").interact("Open");

[00:36:33] USER_ACTION: Open | Object_Tile: (3100, 3276, 0)
[00:36:41] ACTION: Selected 'Talk-to' on Morgan
    SCRIPT: NPCs.closest("Morgan").interact("Talk-to");

[00:36:41] USER_ACTION: Talk-to | NPC_Tile: (3099, 3269, 0)
[00:37:02] ACTION: Selected 'Cast' on Varrock Teleport
    SCRIPT: // Cast on Varrock Teleport

[00:37:02] USER_ACTION: Cast | Target: Varrock Teleport
[00:37:35] ACTION: Selected 'Talk-to' on Dr Harlow
    SCRIPT: NPCs.closest("Dr Harlow").interact("Talk-to");

[00:37:35] USER_ACTION: Talk-to | NPC_Tile: (3223, 3398, 0)
[00:37:46] ACTION: Selected 'Talk-to' on Dr Harlow
    SCRIPT: NPCs.closest("Dr Harlow").interact("Talk-to");

[00:37:46] USER_ACTION: Talk-to | NPC_Tile: (3223, 3398, 0)
[00:38:14] QUEST_END: === QUEST RECORDING ENDED ===
