=====================================
    QUEST SCRIPT RECREATION LOG     
=====================================
Quest: The Knight's Sword
Started: 2025-08-31 01:17:13
Player: WhoCouldHave
Starting Location: (3000, 3144, 0)
Starting Inventory: Water rune x157, Spade, Bronze pickaxe, Law rune x84, Energy potion(1), Coins x348, Air rune x95, Amulet of accuracy, Earth rune x2993, Redberry pie, Chaos rune x63, Amulet of magic, Air talisman, Iron bar x2
=====================================

[01:17:13] CONSOLE_INTEGRATION: DreamBot console logging enabled - all script output will be mirrored to quest log file
[01:17:13] CONSOLE_INFO: Quest log location: C:\Users\Leone\Desktop\Projects in progress\Dreambot Projects\AI Quest system\quest_logs\
[01:17:13] CONSOLE_INFO: DreamBot script: Quest Action Recorder v4.3
[01:17:13] ACTION: Quest recording started
    SCRIPT: // Quest: The Knight's Sword

[01:17:13] ACTIVE_QUEST_DETECTED: THE_KNIGHTS_SWORD is currently in progress
[01:17:17] ACTION: Selected 'Talk-to' on Thurgo
    SCRIPT: NPCs.closest("Thurgo").interact("Talk-to");

[01:17:17] USER_ACTION: Talk-to | NPC_Tile: (3000, 3143, 0)
[01:17:45] ACTION: Selected 'Cast' on Falador Teleport
    SCRIPT: // Cast on Falador Teleport

[01:17:45] USER_ACTION: Cast | Target: Falador Teleport
[01:17:45] ACTION: Opened magic spellbook
    SCRIPT: Tabs.open(Tab.MAGIC)

[01:17:45] SPELLBOOK_OPENED: Player opened the magic spellbook
[01:18:05] ACTION: Selected 'Talk-to' on Squire
    SCRIPT: NPCs.closest("Squire").interact("Talk-to");

[01:18:05] USER_ACTION: Talk-to | NPC_Tile: (2979, 3339, 0)
[01:18:18] ACTION: Selected 'Open' on Door
    SCRIPT: GameObjects.closest("Door").interact("Open");

[01:18:18] USER_ACTION: Open | Object_Tile: (2978, 3346, 0)
[01:18:23] ACTION: Selected 'Open' on Door
    SCRIPT: GameObjects.closest("Door").interact("Open");

[01:18:23] USER_ACTION: Open | Object_Tile: (2978, 3347, 0)
[01:18:28] ACTION: Selected 'Climb-up' on Ladder
    SCRIPT: GameObjects.closest("Ladder").interact("Climb-up");

[01:18:28] USER_ACTION: Climb-up | Object_Tile: (2983, 3351, 0)
[01:18:31] ACTION: Selected 'Open' on Door
    SCRIPT: GameObjects.closest("Door").interact("Open");

[01:18:31] USER_ACTION: Open | Object_Tile: (2983, 3348, 1)
[01:18:37] ACTION: Selected 'Climb-up' on Staircase
    SCRIPT: GameObjects.closest("Staircase").interact("Climb-up");

[01:18:37] USER_ACTION: Climb-up | Object_Tile: (2984, 3337, 1)
[01:18:40] ACTION: Selected 'Open' on Door
    SCRIPT: GameObjects.closest("Door").interact("Open");

[01:18:40] USER_ACTION: Open | Object_Tile: (2982, 3337, 2)
[01:18:41] ACTION: Selected 'Open' on Cupboard
    SCRIPT: GameObjects.closest("Cupboard").interact("Open");

[01:18:41] USER_ACTION: Open | Object_Tile: (2984, 3336, 2)
[01:18:46] ACTION: Selected 'Open' on Door
    SCRIPT: GameObjects.closest("Door").interact("Open");

[01:18:46] USER_ACTION: Open | Object_Tile: (2982, 3337, 2)
[01:19:00] QUEST_END: === QUEST RECORDING ENDED ===
