=====================================
    QUEST SCRIPT RECREATION LOG     
=====================================
Quest: Dragon Slayer - Lozar's Map Piece (debug)
Started: 2025-09-05 02:38:12
Player: TereIsAChair
Starting Location: (3092, 3243, 0)
Starting Inventory: Rune full helm, Energy potion(4) x7, Water rune x40, Earth rune x50, Rune kiteshield, Coins x10000, Law rune x30, Map part x2, Air rune x70, Staff of fire, Anti-dragon shield, Rune platelegs
=====================================

[02:38:12] CONSOLE_INTEGRATION: DreamBot console logging enabled - all script output will be mirrored to quest log file
[02:38:12] CONSOLE_INFO: Quest log location: C:\Users\Leone\Desktop\Projects in progress\Dreambot Projects\AI Quest system\quest_logs\
[02:38:12] CONSOLE_INFO: DreamBot script: Quest Action Recorder v4.3
[02:38:12] ACTION: Quest recording started
    SCRIPT: // Quest: Dragon Slayer - Lozar's Map Piece (debug)

[02:38:12] ACTIVE_QUEST_DETECTED: DRAGON_SLAYER is currently in progress
[02:39:19] ACTION: Selected 'Open' on Door
    SCRIPT: GameObjects.closest("Door").interact("Open");

[02:39:19] USER_ACTION: Open | Object_Tile: (3011, 3197, 0) | Object_ID: 1535
[02:39:30] ACTION: Selected 'Talk-to' on Wormbrain
    SCRIPT: NPCs.closest("Wormbrain").interact("Talk-to");

[02:39:30] USER_ACTION: Talk-to | NPC_Tile: (3013, 3188, 0) | NPC_ID: 820
[02:39:46] QUEST_END: === QUEST RECORDING ENDED ===
