=====================================
    QUEST SCRIPT RECREATION LOG     
=====================================
Quest: Free_Discovery
Started: 2025-08-24 22:55:03
Player: WhoCouldHave
Starting Location: (3092, 3243, 0)
Starting Inventory: 
Starting Equipment: hat: Adamant full helm (g), amulet: Amulet of power, weapon: Rune axe, chest: Adamant platebody (g), shield: Adamant kiteshield (g), legs: Adamant plateskirt (g), ring: Diamond ring
Starting Combat Level: 52
Starting HP: 100%
Initial Quest States:
=====================================

[22:55:03] CONSOLE_INTEGRATION: DreamBot console logging enabled - all script output will be mirrored to quest log file
[22:55:03] CONSOLE_INFO: Quest log location: C:\Users\Leone\Desktop\Projects in progress\Dreambot Projects\AI Quest system\quest_logs\
[22:55:03] CONSOLE_INFO: DreamBot script: Quest Action Recorder v4.3
[22:55:03] ACTION: Quest recording started
    SCRIPT: // Quest: Free_Discovery

[22:55:03] ACTIVE_QUEST_DETECTED: PRINCE_ALI_RESCUE is currently in progress
[22:55:03] QUEST STEP 1: VARBIT_DISCOVERY_STARTED
    SCRIPT: // Quest varbit discovery initiated - monitoring 1636 varbits (including 0-values)

[22:55:03] QUEST STEP 2: CONFIG_DISCOVERY_STARTED (Quest API)
    SCRIPT: // Using Quest API config 273 baseline=10

