=====================================
    QUEST SCRIPT RECREATION LOG     
=====================================
Quest: Dragon Slayer - Boat Obtaining (debug)
Started: 2025-09-04 22:34:03
Player: WhoCouldHave
Starting Location: (2946, 3368, 0)
Starting Inventory: Energy potion(4) x5, Hammer, Water rune x185, Salmon x7, Coins x2000, Law rune x47, Energy potion(2), Crandor map, Air rune x357, Earth rune x215, Steel nails x90, Plank x3, Chaos rune x189, Anti-dragon shield
=====================================

[22:34:03] CONSOLE_INTEGRATION: DreamBot console logging enabled - all script output will be mirrored to quest log file
[22:34:03] CONSOLE_INFO: Quest log location: C:\Users\Leone\Desktop\Projects in progress\Dreambot Projects\AI Quest system\quest_logs\
[22:34:03] CONSOLE_INFO: DreamBot script: Quest Action Recorder v4.3
[22:34:03] ACTION: Quest recording started
    SCRIPT: // Quest: Dragon Slayer - Boat Obtaining (debug)

[22:34:03] ACTIVE_QUEST_DETECTED: DRAGON_SLAYER is currently in progress
[22:34:06] ACTION: Selected 'Cast' on Varrock Teleport
    SCRIPT: // Cast on Varrock Teleport

[22:34:06] USER_ACTION: Cast | Target: Varrock Teleport
[22:34:06] ACTION: Opened magic spellbook
    SCRIPT: Tabs.open(Tab.MAGIC)

[22:34:06] SPELLBOOK_OPENED: Player opened the magic spellbook
[22:34:48] ACTION: Selected 'Open' on Door
    SCRIPT: GameObjects.closest("Door").interact("Open");

[22:34:48] USER_ACTION: Open | Object_Tile: (3191, 3363, 0) | Object_ID: 1805
[22:34:53] ACTION: Selected 'Talk-to' on Guildmaster
    SCRIPT: NPCs.closest("Guildmaster").interact("Talk-to");

[22:34:53] USER_ACTION: Talk-to | NPC_Tile: (3189, 3360, 0) | NPC_ID: 814
[22:35:07] ACTION: Selected 'Cast' on Falador Teleport
    SCRIPT: // Cast on Falador Teleport

[22:35:07] USER_ACTION: Cast | Target: Falador Teleport
[22:35:09] ACTION: Selected 'Cast' on Falador Teleport
    SCRIPT: // Cast on Falador Teleport

[22:35:09] USER_ACTION: Cast | Target: Falador Teleport
[22:36:12] ACTION: Selected 'Cast' on Varrock Teleport
    SCRIPT: // Cast on Varrock Teleport

[22:36:12] USER_ACTION: Cast | Target: Varrock Teleport
[22:36:51] ACTION: Selected 'Open' on Door
    SCRIPT: GameObjects.closest("Door").interact("Open");

[22:36:51] USER_ACTION: Open | Object_Tile: (3191, 3363, 0) | Object_ID: 1805
[22:36:56] ACTION: Selected 'Talk-to' on Guildmaster
    SCRIPT: NPCs.closest("Guildmaster").interact("Talk-to");

[22:36:56] USER_ACTION: Talk-to | NPC_Tile: (3190, 3361, 0) | NPC_ID: 814
[22:37:11] ACTION: Consumed Energy potion(4)
    SCRIPT: Inventory.interact("Energy potion(4)", "Drink")

[22:37:13] ACTION: Selected 'Cast' on Falador Teleport
    SCRIPT: // Cast on Falador Teleport

[22:37:13] USER_ACTION: Cast | Target: Falador Teleport
[22:38:16] ACTION: Consumed Energy potion(4)
    SCRIPT: Inventory.interact("Energy potion(4)", "Drink")

[22:38:21] ACTION: Consumed Energy potion(3)
    SCRIPT: Inventory.interact("Energy potion(3)", "Drink")

[22:38:22] ACTION: Selected 'Cast' on Varrock Teleport
    SCRIPT: // Cast on Varrock Teleport

[22:38:22] USER_ACTION: Cast | Target: Varrock Teleport
[22:38:22] QUEST_END: === QUEST RECORDING ENDED ===
