=====================================
    QUEST SCRIPT RECREATION LOG     
=====================================
Quest: Vampire Slayer
Started: 2025-08-09 01:34:02
Player: LetsGetT
Starting Location: (3222, 3397, 0)
Starting Inventory: Hammer, Energy potion(4) x7, Coins x434140, Vial, Energy potion(1), Garlic, Stake
=====================================

[01:34:02] CONSOLE_INTEGRATION: DreamBot console logging enabled - all script output will be mirrored to quest log file
[01:34:02] CONSOLE_INFO: Quest log location: C:\Users\Leone\Desktop\Projects in progress\Dreambot Projects\AI Quest system\quest_logs\
[01:34:02] CONSOLE_INFO: DreamBot script: Quest Action Recorder v4.3
[01:34:02] ACTION: Quest recording started
    SCRIPT: // Quest: Vampire Slayer

[01:34:02] ACTIVE_QUEST_DETECTED: VAMPIRE_SLAYER is currently in progress
[01:36:49] ACTION: Selected 'Open' on Door
    SCRIPT: GameObjects.closest("Door").interact("Open");

[01:36:49] USER_ACTION: Open | Object_Tile: (3119, 3356, 0)
[01:37:12] ACTION: Consumed Energy potion(1)
    SCRIPT: Inventory.interact("Energy potion(1)", "Drink")

[01:37:13] ACTION: Consumed Energy potion(4)
    SCRIPT: Inventory.interact("Energy potion(4)", "Drink")

[01:37:14] ACTION: Consumed Energy potion(3)
    SCRIPT: Inventory.interact("Energy potion(3)", "Drink")

[01:37:16] ACTION: Consumed Energy potion(2)
    SCRIPT: Inventory.interact("Energy potion(2)", "Drink")

[01:37:21] ACTION: Selected 'Walk-Down' on Stairs
    SCRIPT: // Walk-Down on Stairs

[01:37:21] USER_ACTION: Walk-Down | Target: Stairs
[01:37:25] ACTION: Consumed Energy potion(2)
    SCRIPT: Inventory.interact("Energy potion(2)", "Drink")

[01:37:27] ACTION: Consumed Energy potion(1)
    SCRIPT: Inventory.interact("Energy potion(1)", "Drink")

[01:37:36] ACTION: Selected 'Walk-Down' on Stairs
    SCRIPT: // Walk-Down on Stairs

[01:37:36] USER_ACTION: Walk-Down | Target: Stairs
[01:37:38] QUEST_END: === QUEST RECORDING ENDED ===
