=====================================
    QUEST SCRIPT RECREATION LOG     
=====================================
Quest: Pirate's Treasure
Started: 2025-08-31 16:04:44
Player: TereIsAChair
Starting Location: (3092, 3245, 0)
Starting Inventory: Energy potion(4) x5, Spade, Coins x532
=====================================

[16:04:44] CONSOLE_INTEGRATION: DreamBot console logging enabled - all script output will be mirrored to quest log file
[16:04:44] CONSOLE_INFO: Quest log location: C:\Users\Leone\Desktop\Projects in progress\Dreambot Projects\AI Quest system\quest_logs\
[16:04:44] CONSOLE_INFO: DreamBot script: Quest Action Recorder v4.3
[16:04:44] ACTION: Quest recording started
    SCRIPT: // Quest: Pirate's Treasure

[16:04:44] ACTIVE_QUEST_DETECTED: PIRATES_TREASURE is currently in progress
[16:05:37] ACTION: Selected 'Pay-fare' on Seaman Lorris
    SCRIPT: // Pay-fare on Seaman Lorris

[16:05:37] USER_ACTION: Pay-fare | Target: Seaman Lorris
[16:05:53] ACTION: Selected 'Cross' on Gangplank
    SCRIPT: // Cross on Gangplank

[16:05:53] USER_ACTION: Cross | Target: Gangplank
[16:06:16] ACTION: Selected 'Trade' on Zembo
    SCRIPT: NPCs.closest("Zembo").interact("Trade");

[16:06:16] USER_ACTION: Trade | NPC_Tile: (2927, 3142, 0)
[16:06:20] ACTION: Selected 'Buy 1' on Karamjan rum
    SCRIPT: // Buy 1 on Karamjan rum

[16:06:20] USER_ACTION: Buy 1 | Target: Karamjan rum
[16:06:33] ACTION: Selected 'Pick' on Banana tree
    SCRIPT: // Pick on Banana tree

[16:06:33] USER_ACTION: Pick | Target: Banana tree
[16:06:34] ACTION: Selected 'Pick' on Banana tree
    SCRIPT: // Pick on Banana tree

[16:06:34] USER_ACTION: Pick | Target: Banana tree
[16:06:35] ACTION: Selected 'Pick' on Banana tree
    SCRIPT: // Pick on Banana tree

[16:06:35] USER_ACTION: Pick | Target: Banana tree
[16:06:36] ACTION: Selected 'Pick' on Banana tree
    SCRIPT: // Pick on Banana tree

[16:06:36] USER_ACTION: Pick | Target: Banana tree
[16:06:37] ACTION: Selected 'Pick' on Banana tree
    SCRIPT: // Pick on Banana tree

[16:06:37] USER_ACTION: Pick | Target: Banana tree
[16:06:37] ACTION: Selected 'Pick' on Banana tree
    SCRIPT: // Pick on Banana tree

[16:06:37] USER_ACTION: Pick | Target: Banana tree
[16:06:39] ACTION: Selected 'Pick' on Banana tree
    SCRIPT: // Pick on Banana tree

[16:06:39] USER_ACTION: Pick | Target: Banana tree
[16:06:40] ACTION: Selected 'Pick' on Banana tree
    SCRIPT: // Pick on Banana tree

[16:06:40] USER_ACTION: Pick | Target: Banana tree
[16:06:42] ACTION: Selected 'Pick' on Banana tree
    SCRIPT: // Pick on Banana tree

[16:06:42] USER_ACTION: Pick | Target: Banana tree
[16:06:55] ACTION: Selected 'Talk-to' on Luthas
    SCRIPT: NPCs.closest("Luthas").interact("Talk-to");

[16:06:55] USER_ACTION: Talk-to | NPC_Tile: (2939, 3156, 0)
[16:07:12] ACTION: Selected 'Talk-to' on Luthas
    SCRIPT: NPCs.closest("Luthas").interact("Talk-to");

[16:07:12] USER_ACTION: Talk-to | NPC_Tile: (2938, 3152, 0)
[16:08:25] ACTION: Selected 'Use' on Banana
    SCRIPT: Inventory.interact("Banana", "Use");

[16:08:25] USER_ACTION: Use | Target: Banana
[16:08:25] ACTION: Inventory changed: Items gained
    SCRIPT: // Current inventory: Energy potion(4) x5, Spade, Coins x472, Karamjan rum, Banana x10

[16:08:27] ACTION: Selected 'Use' on Banana -> Crate
    SCRIPT: // Item-on-item
Inventory.use("Banana", "Crate");

[16:08:27] USER_ACTION: Use | Target: Banana -> Crate
[16:08:30] ACTION: Selected 'Use' on Karamjan rum
    SCRIPT: Inventory.interact("Karamjan rum", "Use");

[16:08:30] USER_ACTION: Use | Target: Karamjan rum
[16:08:31] ACTION: Selected 'Use' on Karamjan rum -> Crate
    SCRIPT: // Item-on-item
Inventory.use("Karamjan rum", "Crate");

[16:08:31] USER_ACTION: Use | Target: Karamjan rum -> Crate
[16:08:33] ACTION: Selected 'Fill' on Crate
    SCRIPT: // Fill on Crate

[16:08:33] USER_ACTION: Fill | Target: Crate
[16:08:37] ACTION: Selected 'Talk-to' on Luthas
    SCRIPT: NPCs.closest("Luthas").interact("Talk-to");

[16:08:37] USER_ACTION: Talk-to | NPC_Tile: (2935, 3153, 0)
[16:08:57] QUEST_END: === QUEST RECORDING ENDED ===
