=====================================
    QUEST SCRIPT RECREATION LOG     
=====================================
Quest: Imp Catcher
Started: 2025-08-31 00:08:24
Player: WhoCouldHave
Starting Location: (3163, 3487, 0)
Starting Inventory: Water rune x159, Energy potion(4) x10, Hammer, Spade, Bronze pickaxe, Law rune x99, Coins x501, White bead, Air rune x161, Beer, Earth rune x3000, Redberry pie, Black bead, Garlic, Chaos rune x70, Yellow bead, Red bead, Iron bar x2
=====================================

[00:08:24] CONSOLE_INTEGRATION: DreamBot console logging enabled - all script output will be mirrored to quest log file
[00:08:24] CONSOLE_INFO: Quest log location: C:\Users\Leone\Desktop\Projects in progress\Dreambot Projects\AI Quest system\quest_logs\
[00:08:24] CONSOLE_INFO: DreamBot script: Quest Action Recorder v4.3
[00:08:24] ACTION: Quest recording started
    SCRIPT: // Quest: Imp Catcher

[00:08:24] ACTIVE_QUEST_DETECTED: PRINCE_ALI_RESCUE is currently in progress
[00:08:27] ACTION: Selected 'Cast' on Lumbridge Teleport
    SCRIPT: // Cast on Lumbridge Teleport

[00:08:27] USER_ACTION: Cast | Target: Lumbridge Teleport
[00:08:27] ACTION: Opened magic spellbook
    SCRIPT: Tabs.open(Tab.MAGIC)

[00:08:27] SPELLBOOK_OPENED: Player opened the magic spellbook
[00:09:56] ACTION: Selected 'Climb-up' on Staircase
    SCRIPT: GameObjects.closest("Staircase").interact("Climb-up");

[00:09:56] USER_ACTION: Climb-up | Object_Tile: (3103, 3159, 0)
[00:09:58] ACTION: Selected 'Climb-up' on Staircase
    SCRIPT: GameObjects.closest("Staircase").interact("Climb-up");

[00:09:58] USER_ACTION: Climb-up | Object_Tile: (3103, 3159, 1)
[00:10:06] ACTION: Selected 'Talk-to' on Wizard Mizgog
    SCRIPT: NPCs.closest("Wizard Mizgog").interact("Talk-to");

[00:10:06] USER_ACTION: Talk-to | NPC_Tile: (3103, 3163, 2)
[00:10:48] QUEST_END: === QUEST RECORDING ENDED ===
