=====================================
    QUEST SCRIPT RECREATION LOG     
=====================================
Quest: Romeo and Juliet
Started: 2025-08-31 00:08:09
Player: CharlesMont
Starting Location: (3157, 3425, 1)
Starting Inventory: Gold bar, Energy potion(3), Coins x12282, Energy potion(2) x5, Air talisman
=====================================

[00:08:09] CONSOLE_INTEGRATION: DreamBot console logging enabled - all script output will be mirrored to quest log file
[00:08:09] CONSOLE_INFO: Quest log location: C:\Users\Leone\Desktop\Projects in progress\Dreambot Projects\AI Quest system\quest_logs\
[00:08:09] CONSOLE_INFO: DreamBot script: Quest Action Recorder v4.3
[00:08:09] ACTION: Quest recording started
    SCRIPT: // Quest: Romeo and Juliet

[00:08:09] ACTIVE_QUEST_DETECTED: ROMEO_AND_JULIET is currently in progress
[00:08:20] ACTION: Selected 'Climb-down' on Staircase
    SCRIPT: GameObjects.closest("Staircase").interact("Climb-down");

[00:08:20] USER_ACTION: Climb-down | Object_Tile: (3156, 3435, 1)
[00:08:41] ACTION: Selected 'Talk-to' on Romeo
    SCRIPT: NPCs.closest("Romeo").interact("Talk-to");

[00:08:41] USER_ACTION: Talk-to | NPC_Tile: (3209, 3426, 0)
[00:09:30] ACTION: Consumed Energy potion(3)
    SCRIPT: Inventory.interact("Energy potion(3)", "Drink")

[00:09:35] ACTION: Selected 'Talk-to' on Romeo
    SCRIPT: NPCs.closest("Romeo").interact("Talk-to");

[00:09:35] USER_ACTION: Talk-to | NPC_Tile: (3207, 3425, 0)
[00:09:53] QUEST_END: === QUEST RECORDING ENDED ===
