=====================================
    QUEST SCRIPT RECREATION LOG     
=====================================
Quest: Black Knights' Fortress
Started: 2025-08-25 00:57:05
Player: LordFareigth
Starting Location: (3020, 3510, 0)
Starting Inventory: Rune full helm, Energy potion(4) x8, Water rune x37, Adamant platebody, Coins x14638, Law rune x69, Dossier, Energy potion(2), Cabbage, Air rune x57, Fire rune x70
=====================================

[00:57:05] CONSOLE_INTEGRATION: DreamBot console logging enabled - all script output will be mirrored to quest log file
[00:57:05] CONSOLE_INFO: Quest log location: C:\Users\Leone\Desktop\Projects in progress\Dreambot Projects\AI Quest system\quest_logs\
[00:57:05] CONSOLE_INFO: DreamBot script: Quest Action Recorder v4.3
[00:57:05] ACTION: Quest recording started
    SCRIPT: // Quest: Black Knights' Fortress

[00:57:05] ACTIVE_QUEST_DETECTED: BLACK_KNIGHTS_FORTRESS is currently in progress
[00:57:17] ACTION: Selected 'Open' on Sturdy door
    SCRIPT: GameObjects.closest("Sturdy door").interact("Open");

[00:57:17] USER_ACTION: Open | Object_Tile: (3016, 3514, 0)
[00:57:23] ACTION: Selected 'Open' on Large door
    SCRIPT: GameObjects.closest("Large door").interact("Open");

[00:57:23] USER_ACTION: Open | Object_Tile: (3007, 3515, 0)
[00:57:27] QUEST_END: === QUEST RECORDING ENDED ===
