=====================================
    QUEST SCRIPT RECREATION LOG     
=====================================
Quest: Free_Discovery
Started: 2025-08-31 13:41:12
Player: WhoCouldHave
Starting Location: (3209, 3220, 2)
Starting Inventory: 
=====================================

[13:41:12] CONSOLE_INTEGRATION: DreamBot console logging enabled - all script output will be mirrored to quest log file
[13:41:12] CONSOLE_INFO: Quest log location: C:\Users\Leone\Desktop\Projects in progress\Dreambot Projects\AI Quest system\quest_logs\
[13:41:12] CONSOLE_INFO: DreamBot script: Quest Action Recorder v4.3
[13:41:12] ACTION: Quest recording started
    SCRIPT: // Quest: Free_Discovery

[13:41:12] ACTIVE_QUEST_DETECTED: PRINCE_ALI_RESCUE is currently in progress
[13:41:12] QUEST STEP 1: VARBIT_DISCOVERY_STARTED
    SCRIPT: // Quest varbit discovery initiated - monitoring 1636 varbits (including 0-values)

[13:41:12] QUEST STEP 2: CONFIG_DISCOVERY_STARTED (Quest API)
    SCRIPT: // Using Quest API config 273 baseline=10

[13:41:15] QUEST_END: === QUEST RECORDING ENDED ===
