=====================================
    QUEST SCRIPT RECREATION LOG     
=====================================
Quest: Free_Discovery
Started: 2025-09-05 01:18:42
Player: D D M P E G
Starting Location: (3167, 3488, 0)
Starting Inventory: Water rune x138, Earth rune x271, Salmon x22, Coins x450, Law rune x103, Air rune x2808, Chaos rune x2000
=====================================

[01:18:43] CONSOLE_INTEGRATION: DreamBot console logging enabled - all script output will be mirrored to quest log file
[01:18:43] CONSOLE_INFO: Quest log location: C:\Users\Leone\Desktop\Projects in progress\Dreambot Projects\AI Quest system\quest_logs\
[01:18:43] CONSOLE_INFO: DreamBot script: Quest Action Recorder v4.3
[01:18:43] ACTION: Quest recording started
    SCRIPT: // Quest: Free_Discovery

[01:18:43] ACTIVE_QUEST_DETECTED: DRAGON_SLAYER is currently in progress
[01:18:43] QUEST STEP 1: VARBIT_DISCOVERY_STARTED
    SCRIPT: // Quest varbit discovery initiated - monitoring 1636 varbits (including 0-values)

[01:18:43] QUEST STEP 2: CONFIG_DISCOVERY_STARTED (Quest API)
    SCRIPT: // Using Quest API config 176 baseline=7

[01:18:47] QUEST_END: === QUEST RECORDING ENDED ===
