=====================================
    QUEST SCRIPT RECREATION LOG     
=====================================
Quest: Free_Discovery
Started: 2025-09-04 22:29:41
Player: WhoCouldHave
Starting Location: (2965, 3379, 0)
Starting Inventory: Energy potion(4) x5, Hammer, Water rune x185, Salmon x7, Coins x450, Law rune x47, Energy potion(2), Crandor map, Air rune x357, Earth rune x215, Steel nails x90, Plank x3, Chaos rune x189, Anti-dragon shield
=====================================

[22:29:41] CONSOLE_INTEGRATION: DreamBot console logging enabled - all script output will be mirrored to quest log file
[22:29:41] CONSOLE_INFO: Quest log location: C:\Users\Leone\Desktop\Projects in progress\Dreambot Projects\AI Quest system\quest_logs\
[22:29:41] CONSOLE_INFO: DreamBot script: Quest Action Recorder v4.3
[22:29:41] ACTION: Quest recording started
    SCRIPT: // Quest: Free_Discovery

[22:29:41] ACTIVE_QUEST_DETECTED: DRAGON_SLAYER is currently in progress
[22:29:41] QUEST STEP 1: VARBIT_DISCOVERY_STARTED
    SCRIPT: // Quest varbit discovery initiated - monitoring 1636 varbits (including 0-values)

[22:29:41] QUEST STEP 2: CONFIG_DISCOVERY_STARTED (Quest API)
    SCRIPT: // Using Quest API config 176 baseline=2

[22:30:00] QUEST_END: === QUEST RECORDING ENDED ===
