=====================================
    QUEST SCRIPT RECREATION LOG     
=====================================
Quest: Black Knights' Fortress
Started: 2025-08-25 00:10:56
Player: LordFareigth
Starting Location: (3166, 3487, 0)
Starting Inventory: Energy potion(4) x10, Water rune x38, Bronze med helm, Coins x14638, Law rune x70, Cabbage, Air rune x60, Iron chainbody, Fire rune x70
=====================================

[00:10:56] CONSOLE_INTEGRATION: DreamBot console logging enabled - all script output will be mirrored to quest log file
[00:10:56] CONSOLE_INFO: Quest log location: C:\Users\Leone\Desktop\Projects in progress\Dreambot Projects\AI Quest system\quest_logs\
[00:10:56] CONSOLE_INFO: DreamBot script: Quest Action Recorder v4.3
[00:10:56] ACTION: Quest recording started
    SCRIPT: // Quest: Black Knights' Fortress

[00:10:59] ACTION: Selected 'Wear' on Bronze med helm
    SCRIPT: Inventory.interact("Bronze med helm", "Wear");

[00:10:59] USER_ACTION: Wear | Target: Bronze med helm
[00:11:00] ACTION: Selected 'Wear' on Iron chainbody
    SCRIPT: Inventory.interact("Iron chainbody", "Wear");

[00:11:00] USER_ACTION: Wear | Target: Iron chainbody
[00:11:00] ACTION: Inventory changed: Items lost/used
    SCRIPT: // Current inventory: Rune full helm, Energy potion(4) x10, Water rune x38, Coins x14638, Law rune x70, Cabbage, Air rune x60, Iron chainbody, Fire rune x70

[00:11:00] ACTION: Equipment changed: hat: Rune full helm → Bronze med helm
    SCRIPT: // Equipment slots updated: hat: Rune full helm → Bronze med helm

[00:11:00] EQUIPMENT_CHANGE: Equipment modified: hat: Rune full helm → Bronze med helm
[00:11:06] ACTION: Selected 'Cast' on Falador Teleport
    SCRIPT: // Cast on Falador Teleport

[00:11:06] USER_ACTION: Cast | Target: Falador Teleport
[00:11:06] ACTION: Opened magic spellbook
    SCRIPT: Tabs.open(Tab.MAGIC)

[00:11:06] SPELLBOOK_OPENED: Player opened the magic spellbook
[00:11:26] ACTION: Selected 'Climb-up' on Staircase
    SCRIPT: GameObjects.closest("Staircase").interact("Climb-up");

[00:11:26] USER_ACTION: Climb-up | Object_Tile: (2968, 3347, 0)
[00:11:42] ACTION: Selected 'Climb-up' on Ladder
    SCRIPT: GameObjects.closest("Ladder").interact("Climb-up");

[00:11:42] USER_ACTION: Climb-up | Object_Tile: (2983, 3351, 1)
[00:12:10] ACTION: Selected 'Talk-to' on Sir Amik Varze
    SCRIPT: NPCs.closest("Sir Amik Varze").interact("Talk-to");

[00:12:10] USER_ACTION: Talk-to | NPC_Tile: (2961, 3336, 2)
[00:12:12] ACTION: Selected 'Dismiss' on Rick Turpentine
    SCRIPT: // Dismiss on Rick Turpentine

[00:12:12] USER_ACTION: Dismiss | Target: Rick Turpentine
[00:12:21] ACTION: Selected 'Talk-to' on Sir Amik Varze
    SCRIPT: NPCs.closest("Sir Amik Varze").interact("Talk-to");

[00:12:21] USER_ACTION: Talk-to | NPC_Tile: (2963, 3339, 2)
[00:13:06] ACTION: Selected 'Talk-to' on Sir Amik Varze
    SCRIPT: NPCs.closest("Sir Amik Varze").interact("Talk-to");

[00:13:06] USER_ACTION: Talk-to | NPC_Tile: (2963, 3339, 2)
[00:13:45] ACTION: Selected 'Climb-down' on Staircase
    SCRIPT: GameObjects.closest("Staircase").interact("Climb-down");

[00:13:45] USER_ACTION: Climb-down | Object_Tile: (2960, 3339, 2)
[00:13:53] ACTION: Selected 'Climb-down' on Staircase
    SCRIPT: GameObjects.closest("Staircase").interact("Climb-down");

[00:13:53] USER_ACTION: Climb-down | Object_Tile: (2960, 3338, 1)
[00:16:08] ACTION: Consumed Energy potion(4)
    SCRIPT: Inventory.interact("Energy potion(4)", "Drink")

[00:16:25] QUEST_END: === QUEST RECORDING ENDED ===
