=====================================
    QUEST SCRIPT RECREATION LOG     
=====================================
Quest: Free_Discovery
Started: 2025-08-25 00:28:46
Player: WhoCouldHave
Starting Location: (3092, 3245, 0)
Starting Inventory: Energy potion(4) x10, Coins x420
=====================================

[00:28:46] CONSOLE_INTEGRATION: DreamBot console logging enabled - all script output will be mirrored to quest log file
[00:28:46] CONSOLE_INFO: Quest log location: C:\Users\Leone\Desktop\Projects in progress\Dreambot Projects\AI Quest system\quest_logs\
[00:28:46] CONSOLE_INFO: DreamBot script: Quest Action Recorder v4.3
[00:28:46] ACTION: Quest recording started
    SCRIPT: // Quest: Free_Discovery

[00:28:46] ACTIVE_QUEST_DETECTED: PIRATES_TREASURE is currently in progress
[00:28:46] QUEST STEP 1: VARBIT_DISCOVERY_STARTED
    SCRIPT: // Quest varbit discovery initiated - monitoring 1636 varbits (including 0-values)

[00:28:46] QUEST STEP 2: CONFIG_DISCOVERY_STARTED (Quest API)
    SCRIPT: // Using Quest API config 71 baseline=1

[00:31:03] QUEST_END: === QUEST RECORDING ENDED ===
