=====================================
    QUEST SCRIPT RECREATION LOG     
=====================================
Quest: Free_Discovery
Started: 2025-07-28 23:38:49
Player: LordFareigth
Starting Location: (3167, 3493, 0)
Starting Inventory: Bronze pickaxe, Tinderbox, Coins x206394, Bronze axe
=====================================

[23:38:49] CONSOLE_INTEGRATION: DreamBot console logging enabled - all script output will be mirrored to quest log file
[23:38:49] CONSOLE_INFO: Quest log location: C:\Users\Leone\Desktop\Projects in progress\Dreambot Projects\AI Quest system\quest_logs\
[23:38:49] CONSOLE_INFO: DreamBot script: Quest Action Recorder v4.3
[23:38:49] ACTION: Quest recording started
    SCRIPT: // Quest: Free_Discovery

[23:38:49] ACTIVE_QUEST_DETECTED: COOKS_ASSISTANT is currently in progress
[23:38:49] QUEST STEP 1: VARBIT_DISCOVERY_STARTED
    SCRIPT: // Quest varbit discovery initiated - monitoring 69 varbits (including 0-values)

[23:38:49] QUEST STEP 2: CONFIG_DISCOVERY_STARTED
    SCRIPT: // Quest config discovery initiated - monitoring 50 configs (including 0-values)

[23:38:55] ACTION: Selected 'Exchange' on Grand Exchange booth
    SCRIPT: // Exchange on Grand Exchange booth

[23:38:55] USER_ACTION: Exchange | Target: Grand Exchange booth
[23:38:55] Player State: Started moving
[23:38:56] ACTION: Grand Exchange accessed
    SCRIPT: // GrandExchange.open() or similar interaction

[23:38:56] GE_INTERACTION: Grand Exchange interface opened
[23:38:56] ACTION: Opened Grand Exchange
    SCRIPT: GrandExchange.open()

[23:38:56] GE_OPENED: Grand Exchange interface opened
[23:38:56] Player State: Stopped moving
[23:38:56] Position Update: Stopped at (3166, 3492, 0)
[23:38:59] ACTION: Closed Grand Exchange
    SCRIPT: GrandExchange.close()

[23:38:59] GE_CLOSED: Grand Exchange interface closed
[23:39:00] QUEST_END: === QUEST RECORDING ENDED ===
