=====================================
    QUEST SCRIPT RECREATION LOG     
=====================================
Quest: The Knight's Sword
Started: 2025-08-09 18:33:38
Player: scoober2ber
Starting Location: (2994, 9554, 0)
Starting Inventory: Mind rune x13129, Bronze pickaxe, Coins x618917, Brass key, Chaos rune x2517, Air rune x2551, Iron bar x2
=====================================

[18:33:38] CONSOLE_INTEGRATION: DreamBot console logging enabled - all script output will be mirrored to quest log file
[18:33:38] CONSOLE_INFO: Quest log location: C:\Users\Leone\Desktop\Projects in progress\Dreambot Projects\AI Quest system\quest_logs\
[18:33:38] CONSOLE_INFO: DreamBot script: Quest Action Recorder v4.3
[18:33:38] ACTION: Quest recording started
    SCRIPT: // Quest: The Knight's Sword

[18:33:38] ACTIVE_QUEST_DETECTED: THE_KNIGHTS_SWORD is currently in progress
[18:33:49] ACTION: Selected 'Climb-up' on Ladder
    SCRIPT: GameObjects.closest("Ladder").interact("Climb-up");

[18:33:49] USER_ACTION: Climb-up | Object_Tile: (3008, 9550, 0)
[18:33:52] ACTION: Selected 'Climb-down' on Trapdoor
    SCRIPT: GameObjects.closest("Trapdoor").interact("Climb-down");

[18:33:52] USER_ACTION: Climb-down | Object_Tile: (3008, 3150, 0)
[18:34:44] ACTION: Selected 'Mine' on Blurite rocks
    SCRIPT: // Mine on Blurite rocks

[18:34:44] USER_ACTION: Mine | Target: Blurite rocks
[18:36:04] ACTION: Selected 'Climb-up' on Ladder
    SCRIPT: GameObjects.closest("Ladder").interact("Climb-up");

[18:36:04] USER_ACTION: Climb-up | Object_Tile: (3008, 9550, 0)
[18:36:29] ACTION: Selected 'Talk-to' on Thurgo
    SCRIPT: NPCs.closest("Thurgo").interact("Talk-to");

[18:36:29] USER_ACTION: Talk-to | NPC_Tile: (3000, 3145, 0)
[18:38:07] QUEST_END: === QUEST RECORDING ENDED ===
