=====================================
    QUEST SCRIPT RECREATION LOG     
=====================================
Quest: Sheep Shearer
Started: 2025-08-04 00:56:10
Player: LordFareigth
Starting Location: (3209, 3213, 1)
Starting Inventory: Willow logs x4, Shears, Ball of wool x20
=====================================

[00:56:10] CONSOLE_INTEGRATION: DreamBot console logging enabled - all script output will be mirrored to quest log file
[00:56:10] CONSOLE_INFO: Quest log location: C:\Users\Leone\Desktop\Projects in progress\Dreambot Projects\AI Quest system\quest_logs\
[00:56:10] CONSOLE_INFO: DreamBot script: Quest Action Recorder v4.3
[00:56:10] ACTION: Quest recording started
    SCRIPT: // Quest: Sheep Shearer

[00:56:10] ACTIVE_QUEST_DETECTED: SHEEP_SHEARER is currently in progress
[00:56:13] ACTION: Selected 'Open' on Door
    SCRIPT: GameObjects.closest("Door").interact("Open");

[00:56:13] USER_ACTION: Open | Object_Tile: (3207, 3214, 1)
[00:56:33] ACTION: Selected 'Climb-down' on Staircase
    SCRIPT: GameObjects.closest("Staircase").interact("Climb-down");

[00:56:33] USER_ACTION: Climb-down | Object_Tile: (3204, 3207, 1)
[01:03:43] QUEST_END: === QUEST RECORDING ENDED ===
