=====================================
    QUEST SCRIPT RECREATION LOG     
=====================================
Quest: X Marks the Spot
Started: 2025-08-09 19:17:14
Player: scoober2ber
Starting Location: (3222, 3219, 0)
Starting Inventory: Energy potion(4) x4, Earth rune x2099, Mind rune x13129, Spade, Coins x493279, Law rune x999, Energy potion(1), Brass key, Chaos rune x2514, Air rune x2539
=====================================

[19:17:14] CONSOLE_INTEGRATION: DreamBot console logging enabled - all script output will be mirrored to quest log file
[19:17:14] CONSOLE_INFO: Quest log location: C:\Users\Leone\Desktop\Projects in progress\Dreambot Projects\AI Quest system\quest_logs\
[19:17:14] CONSOLE_INFO: DreamBot script: Quest Action Recorder v4.3
[19:17:14] ACTION: Quest recording started
    SCRIPT: // Quest: X Marks the Spot

[19:17:36] ACTION: Selected 'Open' on Door
    SCRIPT: GameObjects.closest("Door").interact("Open");

[19:17:36] USER_ACTION: Open | Object_Tile: (3230, 3235, 0)
[19:17:59] ACTION: Selected 'Talk-to' on Veos
    SCRIPT: NPCs.closest("Veos").interact("Talk-to");

[19:17:59] USER_ACTION: Talk-to | NPC_Tile: (3228, 3242, 0)
[19:19:11] ACTION: Selected 'Dig' on Spade
    SCRIPT: // Dig on Spade

[19:19:11] USER_ACTION: Dig | Target: Spade
[19:19:42] ACTION: Selected 'Dig' on Spade
    SCRIPT: // Dig on Spade

[19:19:42] USER_ACTION: Dig | Target: Spade
[19:20:45] ACTION: Selected 'Dig' on Spade
    SCRIPT: // Dig on Spade

[19:20:45] USER_ACTION: Dig | Target: Spade
[19:21:10] ACTION: Selected 'Open' on Gate
    SCRIPT: GameObjects.closest("Gate").interact("Open");

[19:21:10] USER_ACTION: Open | Object_Tile: (3078, 3258, 0)
[19:21:23] ACTION: Selected 'Dig' on Spade
    SCRIPT: // Dig on Spade

[19:21:23] USER_ACTION: Dig | Target: Spade
[19:21:55] ACTION: Selected 'Talk-to' on Veos
    SCRIPT: NPCs.closest("Veos").interact("Talk-to");

[19:21:55] USER_ACTION: Talk-to | NPC_Tile: (3054, 3245, 0)
[19:22:17] QUEST_END: === QUEST RECORDING ENDED ===
