=====================================
    QUEST SCRIPT RECREATION LOG     
=====================================
Quest: Free_Discovery
Started: 2025-09-05 01:37:00
Player: WhoCouldHave
Starting Location: (3045, 3203, 0)
Starting Inventory: Water rune x180, Earth rune x215, Salmon x19, Coins x2000, Law rune x37, Crandor map, Chaos rune x329, Air rune x2327, Fire rune x2000
=====================================

[01:37:00] CONSOLE_INTEGRATION: DreamBot console logging enabled - all script output will be mirrored to quest log file
[01:37:00] CONSOLE_INFO: Quest log location: C:\Users\Leone\Desktop\Projects in progress\Dreambot Projects\AI Quest system\quest_logs\
[01:37:00] CONSOLE_INFO: DreamBot script: Quest Action Recorder v4.3
[01:37:00] ACTION: Quest recording started
    SCRIPT: // Quest: Free_Discovery

[01:37:00] ACTIVE_QUEST_DETECTED: DRAGON_SLAYER is currently in progress
[01:37:00] QUEST STEP 1: VARBIT_DISCOVERY_STARTED
    SCRIPT: // Quest varbit discovery initiated - monitoring 1636 varbits (including 0-values)

[01:37:00] QUEST STEP 2: CONFIG_DISCOVERY_STARTED (Quest API)
    SCRIPT: // Using Quest API config 176 baseline=6

[01:37:02] QUEST_API_DETECTED: DRAGON_SLAYER - State: STARTED
[01:37:02] QUEST_API_DETECTED: PRINCE_ALI_RESCUE - State: STARTED
[01:37:02] QUEST STEP 3: QUEST PROGRESS: CORSAIR_CURSE step 60 - [STEP 60]
    SCRIPT: // CORSAIR_CURSE varbit 6071 = 60

[01:37:05] ACTION: Selected 'Cross' on Gangplank
    SCRIPT: // Cross on Gangplank

[01:37:05] USER_ACTION: Cross | Target: Gangplank
[01:37:06] Movement: Started significant journey from (3046, 3203, 0)
[01:37:06] Position: Arrived at (3047, 3204, 0)
[01:37:17] ACTION: Selected 'Read journal:' on Dragon Slayer I
    SCRIPT: // Read journal: on Dragon Slayer I

[01:37:17] USER_ACTION: Read journal: | Target: Dragon Slayer I
[01:37:20] QUEST_END: === QUEST RECORDING ENDED ===
