=====================================
    QUEST SCRIPT RECREATION LOG     
=====================================
Quest: Dragon Slayer - Boat Obtaining (debug)
Started: 2025-09-05 02:53:33
Player: TereIsAChair
Starting Location: (3167, 3488, 0)
Starting Inventory: Energy potion(4), Hammer, Steel nails x90, Lobster x16, Law rune x29, Coins x10669, Crandor map, Air rune x67, Plank x3, Fire rune x70
=====================================

[02:53:33] CONSOLE_INTEGRATION: DreamBot console logging enabled - all script output will be mirrored to quest log file
[02:53:33] CONSOLE_INFO: Quest log location: C:\Users\Leone\Desktop\Projects in progress\Dreambot Projects\AI Quest system\quest_logs\
[02:53:33] CONSOLE_INFO: DreamBot script: Quest Action Recorder v4.3
[02:53:33] ACTION: Quest recording started
    SCRIPT: // Quest: Dragon Slayer - Boat Obtaining (debug)

[02:53:33] ACTIVE_QUEST_DETECTED: DRAGON_SLAYER is currently in progress
[02:54:30] ACTION: Selected 'Open' on Door
    SCRIPT: GameObjects.closest("Door").interact("Open");

[02:54:30] USER_ACTION: Open | Object_Tile: (3191, 3363, 0) | Object_ID: 1805
[02:54:43] ACTION: Selected 'Talk-to' on Guildmaster
    SCRIPT: NPCs.closest("Guildmaster").interact("Talk-to");

[02:54:43] USER_ACTION: Talk-to | NPC_Tile: (3190, 3361, 0) | NPC_ID: 814
[02:54:57] ACTION: Selected 'Open' on Door
    SCRIPT: GameObjects.closest("Door").interact("Open");

[02:54:57] USER_ACTION: Open | Object_Tile: (3191, 3363, 0) | Object_ID: 1805
[02:56:11] ACTION: Selected 'Talk-to' on Genie
    SCRIPT: NPCs.closest("Genie").interact("Talk-to");

[02:56:11] USER_ACTION: Talk-to | NPC_Tile: (3088, 3399, 0) | NPC_ID: 326
[02:56:13] ACTION: Selected 'Rub' on Lamp
    SCRIPT: // Rub on Lamp

[02:56:13] USER_ACTION: Rub | Target: Lamp | Item_ID: 2528
[02:56:18] ACTION: Selected 'Rub' on Lamp
    SCRIPT: // Rub on Lamp

[02:56:18] USER_ACTION: Rub | Target: Lamp | Item_ID: 2528
[02:58:56] ACTION: Selected 'Talk-to' on Klarense
    SCRIPT: NPCs.closest("Klarense").interact("Talk-to");

[02:58:56] USER_ACTION: Talk-to | NPC_Tile: (3046, 3204, 0) | NPC_ID: 819
[02:59:12] ACTION: Selected 'Talk-to' on Klarense
    SCRIPT: NPCs.closest("Klarense").interact("Talk-to");

[02:59:12] USER_ACTION: Talk-to | NPC_Tile: (3046, 3204, 0) | NPC_ID: 819
[02:59:25] ACTION: Selected 'Cross' on Gangplank
    SCRIPT: // Cross on Gangplank

[02:59:25] USER_ACTION: Cross | Target: Gangplank
[02:59:36] ACTION: Selected 'Cross' on Gangplank
    SCRIPT: // Cross on Gangplank

[02:59:36] USER_ACTION: Cross | Target: Gangplank
[02:59:55] ACTION: Selected 'Cross' on Gangplank
    SCRIPT: // Cross on Gangplank

[02:59:55] USER_ACTION: Cross | Target: Gangplank
[02:59:58] ACTION: Selected 'Climb-down' on Ladder
    SCRIPT: GameObjects.closest("Ladder").interact("Climb-down");

[02:59:58] USER_ACTION: Climb-down | Object_Tile: (3049, 3208, 1) | Object_ID: 2590
[03:00:02] ACTION: Selected 'Repair' on Hole
    SCRIPT: // Repair on Hole

[03:00:02] USER_ACTION: Repair | Target: Hole
[03:00:08] ACTION: Selected 'Repair' on Hole
    SCRIPT: // Repair on Hole

[03:00:08] USER_ACTION: Repair | Target: Hole
[03:00:13] ACTION: Selected 'Repair' on Hole
    SCRIPT: // Repair on Hole

[03:00:13] USER_ACTION: Repair | Target: Hole
[03:00:20] ACTION: Selected 'Climb-up' on Ladder
    SCRIPT: GameObjects.closest("Ladder").interact("Climb-up");

[03:00:20] USER_ACTION: Climb-up | Object_Tile: (3049, 9640, 1) | Object_ID: 2592
[03:00:26] ACTION: Selected 'Cross' on Gangplank
    SCRIPT: // Cross on Gangplank

[03:00:26] USER_ACTION: Cross | Target: Gangplank
[03:00:28] ACTION: Selected 'Cross' on Gangplank
    SCRIPT: // Cross on Gangplank

[03:00:28] USER_ACTION: Cross | Target: Gangplank
[03:00:40] ACTION: Consumed Energy potion(4)
    SCRIPT: Inventory.interact("Energy potion(4)", "Drink")

[03:00:43] ACTION: Consumed Energy potion(3)
    SCRIPT: Inventory.interact("Energy potion(3)", "Drink")

[03:00:43] ACTION: Consumed Energy potion(2)
    SCRIPT: Inventory.interact("Energy potion(2)", "Drink")

[03:00:46] ACTION: Consumed Energy potion(1)
    SCRIPT: Inventory.interact("Energy potion(1)", "Drink")

[03:00:50] ACTION: Selected 'Drop' on Vial
    SCRIPT: Inventory.interact("Vial", "Drop");

[03:00:50] USER_ACTION: Drop | Target: Vial | Item_ID: 229
[03:00:50] ACTION: Item consumed: Energy potion(4)
    SCRIPT: Inventory.getItem("Energy potion(4)").interact("Drink") // or click

[03:00:50] ITEM_CONSUMPTION: Player consumed: Energy potion(4)
[03:00:50] Inventory Change: Items lost/used - New state: Hammer, Lobster x16, Law rune x29, Vial, Coins x8669, Crandor map, Air rune x67, Fire rune x70
[03:01:53] ACTION: Selected 'Talk-to' on Ned
    SCRIPT: NPCs.closest("Ned").interact("Talk-to");

[03:01:53] USER_ACTION: Talk-to | NPC_Tile: (3099, 3258, 0) | NPC_ID: 4280
[03:02:00] ACTION: Selected 'Open' on Door
    SCRIPT: GameObjects.closest("Door").interact("Open");

[03:02:00] USER_ACTION: Open | Object_Tile: (3101, 3258, 0) | Object_ID: 1535
[03:02:03] ACTION: Selected 'Talk-to' on Ned
    SCRIPT: NPCs.closest("Ned").interact("Talk-to");

[03:02:03] USER_ACTION: Talk-to | NPC_Tile: (3099, 3258, 0) | NPC_ID: 4280
[03:02:06] QUEST_END: === QUEST RECORDING ENDED ===
