=====================================
    QUEST SCRIPT RECREATION LOG     
=====================================
Quest: Romeo and Juliet
Started: 2025-08-30 23:45:35
Player: BusterBigalo
Starting Location: (3157, 3425, 1)
Starting Inventory: Energy potion(3) x4, Energy potion(4) x2, Vial, Coins x18
=====================================

[23:45:35] CONSOLE_INTEGRATION: DreamBot console logging enabled - all script output will be mirrored to quest log file
[23:45:35] CONSOLE_INFO: Quest log location: C:\Users\Leone\Desktop\Projects in progress\Dreambot Projects\AI Quest system\quest_logs\
[23:45:35] CONSOLE_INFO: DreamBot script: Quest Action Recorder v4.3
[23:45:35] ACTION: Quest recording started
    SCRIPT: // Quest: Romeo and Juliet

[23:45:35] ACTIVE_QUEST_DETECTED: ROMEO_AND_JULIET is currently in progress
[23:45:37] ACTION: Selected 'Open' on Door
    SCRIPT: GameObjects.closest("Door").interact("Open");

[23:45:37] USER_ACTION: Open | Object_Tile: (3158, 3427, 1)
[23:45:46] ACTION: Selected 'Climb-down' on Staircase
    SCRIPT: GameObjects.closest("Staircase").interact("Climb-down");

[23:45:46] USER_ACTION: Climb-down | Object_Tile: (3156, 3435, 1)
[23:45:51] ACTION: Selected 'Open' on Door
    SCRIPT: GameObjects.closest("Door").interact("Open");

[23:45:51] USER_ACTION: Open | Object_Tile: (3160, 3432, 0)
[23:46:12] ACTION: Selected 'Talk-to' on Romeo
    SCRIPT: NPCs.closest("Romeo").interact("Talk-to");

[23:46:12] USER_ACTION: Talk-to | NPC_Tile: (3212, 3426, 0)
[23:48:20] QUEST_END: === QUEST RECORDING ENDED ===
