=====================================
    QUEST SCRIPT RECREATION LOG     
=====================================
Quest: Romeo and Juliet
Started: 2025-08-30 23:34:14
Player: BusterBigalo
Starting Location: (3206, 3430, 0)
Starting Inventory: Energy potion(4) x7, Coins x18, Cadava berries
=====================================

[23:34:14] CONSOLE_INTEGRATION: DreamBot console logging enabled - all script output will be mirrored to quest log file
[23:34:14] CONSOLE_INFO: Quest log location: C:\Users\Leone\Desktop\Projects in progress\Dreambot Projects\AI Quest system\quest_logs\
[23:34:14] CONSOLE_INFO: DreamBot script: Quest Action Recorder v4.3
[23:34:14] ACTION: Quest recording started
    SCRIPT: // Quest: Romeo and Juliet

[23:34:14] ACTIVE_QUEST_DETECTED: ROMEO_AND_JULIET is currently in progress
[23:34:44] ACTION: Selected 'Climb-up' on Staircase
    SCRIPT: GameObjects.closest("Staircase").interact("Climb-up");

[23:34:44] USER_ACTION: Climb-up | Object_Tile: (3156, 3435, 0)
[23:34:56] ACTION: Selected 'Talk-to' on Juliet
    SCRIPT: NPCs.closest("Juliet").interact("Talk-to");

[23:34:56] USER_ACTION: Talk-to | NPC_Tile: (3158, 3425, 1)
[23:35:18] ACTION: Selected 'Climb-down' on Staircase
    SCRIPT: GameObjects.closest("Staircase").interact("Climb-down");

[23:35:18] USER_ACTION: Climb-down | Object_Tile: (3156, 3435, 1)
[23:35:41] ACTION: Selected 'Talk-to' on Romeo
    SCRIPT: NPCs.closest("Romeo").interact("Talk-to");

[23:35:41] USER_ACTION: Talk-to | NPC_Tile: (3209, 3429, 0)
[23:37:42] ACTION: Consumed Energy potion(4)
    SCRIPT: Inventory.interact("Energy potion(4)", "Drink")

[23:37:45] ACTION: Selected 'Talk-to' on Father Lawrence
    SCRIPT: NPCs.closest("Father Lawrence").interact("Talk-to");

[23:37:45] USER_ACTION: Talk-to | NPC_Tile: (3257, 3484, 0)
[23:39:25] ACTION: Consumed Energy potion(4)
    SCRIPT: Inventory.interact("Energy potion(4)", "Drink")

[23:39:31] ACTION: Selected 'Talk-to' on Apothecary
    SCRIPT: NPCs.closest("Apothecary").interact("Talk-to");

[23:39:31] USER_ACTION: Talk-to | NPC_Tile: (3196, 3405, 0)
[23:39:36] ACTION: Selected 'Talk-to' on Apothecary
    SCRIPT: NPCs.closest("Apothecary").interact("Talk-to");

[23:39:36] USER_ACTION: Talk-to | NPC_Tile: (3196, 3405, 0)
[23:40:17] ACTION: Consumed Energy potion(4)
    SCRIPT: Inventory.interact("Energy potion(4)", "Drink")

[23:40:17] ACTION: Consumed Energy potion(3)
    SCRIPT: Inventory.interact("Energy potion(3)", "Drink")

[23:40:19] ACTION: Consumed Energy potion(2)
    SCRIPT: Inventory.interact("Energy potion(2)", "Drink")

[23:40:21] ACTION: Selected 'Open' on Door
    SCRIPT: GameObjects.closest("Door").interact("Open");

[23:40:21] USER_ACTION: Open | Object_Tile: (3165, 3433, 0)
[23:40:25] ACTION: Consumed Energy potion(1)
    SCRIPT: Inventory.interact("Energy potion(1)", "Drink")

[23:40:26] ACTION: Selected 'Open' on Door
    SCRIPT: GameObjects.closest("Door").interact("Open");

[23:40:26] USER_ACTION: Open | Object_Tile: (3165, 3433, 0)
[23:40:27] ACTION: Selected 'Climb-up' on Staircase
    SCRIPT: GameObjects.closest("Staircase").interact("Climb-up");

[23:40:27] USER_ACTION: Climb-up | Object_Tile: (3156, 3435, 0)
[23:40:35] ACTION: Selected 'Open' on Door
    SCRIPT: GameObjects.closest("Door").interact("Open");

[23:40:35] USER_ACTION: Open | Object_Tile: (3159, 3438, 1)
[23:40:41] ACTION: Selected 'Open' on Door
    SCRIPT: GameObjects.closest("Door").interact("Open");

[23:40:41] USER_ACTION: Open | Object_Tile: (3157, 3431, 1)
[23:40:45] ACTION: Selected 'Talk-to' on Juliet
    SCRIPT: NPCs.closest("Juliet").interact("Talk-to");

[23:40:45] USER_ACTION: Talk-to | NPC_Tile: (3158, 3425, 1)
[23:43:50] QUEST_END: === QUEST RECORDING ENDED ===
