=====================================
    QUEST SCRIPT RECREATION LOG     
=====================================
Quest: The Corsair Curse
Started: 2025-08-26 00:14:49
Player: scoober2ber
Starting Location: (2571, 2853, 0)
Starting Inventory: Energy potion(3), Energy potion(4) x8, Water rune x70, Earth rune x80, Spade, Tinderbox, Rune axe, Coins x364, Air rune x60
=====================================

[00:14:49] CONSOLE_INTEGRATION: DreamBot console logging enabled - all script output will be mirrored to quest log file
[00:14:49] CONSOLE_INFO: Quest log location: C:\Users\Leone\Desktop\Projects in progress\Dreambot Projects\AI Quest system\quest_logs\
[00:14:49] CONSOLE_INFO: DreamBot script: Quest Action Recorder v4.3
[00:14:49] ACTION: Quest recording started
    SCRIPT: // Quest: The Corsair Curse

[00:14:49] ACTIVE_QUEST_DETECTED: CORSAIR_CURSE is currently in progress
[00:14:52] ACTION: Selected 'Cast' on Lumbridge Home Teleport
    SCRIPT: // Cast on Lumbridge Home Teleport

[00:14:52] USER_ACTION: Cast | Target: Lumbridge Home Teleport
[00:14:52] ACTION: Opened magic spellbook
    SCRIPT: Tabs.open(Tab.MAGIC)

[00:14:52] SPELLBOOK_OPENED: Player opened the magic spellbook
[00:14:53] QUEST_END: === QUEST RECORDING ENDED ===
