=====================================
    QUEST SCRIPT RECREATION LOG     
=====================================
Quest: Black Knights' Fortress
Started: 2025-08-31 01:14:28
Player: 72diamond329
Starting Location: (3163, 3487, 0)
Starting Inventory: Water rune x68, Energy potion(4) x8, Salmon x5, Law rune x65, Energy potion(1), Coins x84, Air rune x52, Iron chainbody, Gold bar, Earth rune x70, Bronze med helm, Chaos rune x69, Cabbage
=====================================

[01:14:28] CONSOLE_INTEGRATION: DreamBot console logging enabled - all script output will be mirrored to quest log file
[01:14:28] CONSOLE_INFO: Quest log location: C:\Users\Leone\Desktop\Projects in progress\Dreambot Projects\AI Quest system\quest_logs\
[01:14:28] CONSOLE_INFO: DreamBot script: Quest Action Recorder v4.3
[01:14:28] ACTION: Quest recording started
    SCRIPT: // Quest: Black Knights' Fortress

[01:14:31] ACTION: Selected 'Wear' on Bronze med helm
    SCRIPT: Inventory.interact("Bronze med helm", "Wear");

[01:14:31] USER_ACTION: Wear | Target: Bronze med helm
[01:14:32] ACTION: Selected 'Wear' on Iron chainbody
    SCRIPT: Inventory.interact("Iron chainbody", "Wear");

[01:14:32] USER_ACTION: Wear | Target: Iron chainbody
[01:14:32] ACTION: Inventory changed: Items lost/used
    SCRIPT: // Current inventory: Water rune x68, Energy potion(4) x8, Salmon x5, Law rune x65, Energy potion(1), Coins x84, Wizard hat, Air rune x52, Iron chainbody, Gold bar, Earth rune x70, Chaos rune x69, Cabbage

[01:14:32] ACTION: Equipment changed: hat: Wizard hat → Bronze med helm
    SCRIPT: // Equipment slots updated: hat: Wizard hat → Bronze med helm

[01:14:32] EQUIPMENT_CHANGE: Equipment modified: hat: Wizard hat → Bronze med helm
[01:14:37] ACTION: Selected 'Cast' on Falador Teleport
    SCRIPT: // Cast on Falador Teleport

[01:14:37] USER_ACTION: Cast | Target: Falador Teleport
[01:14:37] ACTION: Opened magic spellbook
    SCRIPT: Tabs.open(Tab.MAGIC)

[01:14:37] SPELLBOOK_OPENED: Player opened the magic spellbook
[01:14:59] ACTION: Selected 'Climb-up' on Staircase
    SCRIPT: GameObjects.closest("Staircase").interact("Climb-up");

[01:14:59] USER_ACTION: Climb-up | Object_Tile: (2968, 3347, 0)
[01:15:13] ACTION: Selected 'Climb-up' on Ladder
    SCRIPT: GameObjects.closest("Ladder").interact("Climb-up");

[01:15:13] USER_ACTION: Climb-up | Object_Tile: (2983, 3351, 1)
[01:15:48] ACTION: Selected 'Talk-to' on Sir Amik Varze
    SCRIPT: NPCs.closest("Sir Amik Varze").interact("Talk-to");

[01:15:48] USER_ACTION: Talk-to | NPC_Tile: (2960, 3337, 2)
[01:16:26] ACTION: Selected 'Climb-down' on Staircase
    SCRIPT: GameObjects.closest("Staircase").interact("Climb-down");

[01:16:26] USER_ACTION: Climb-down | Object_Tile: (2960, 3339, 2)
[01:16:34] ACTION: Selected 'Climb-down' on Staircase
    SCRIPT: GameObjects.closest("Staircase").interact("Climb-down");

[01:16:34] USER_ACTION: Climb-down | Object_Tile: (2960, 3338, 1)
[01:16:54] QUEST_END: === QUEST RECORDING ENDED ===
