=====================================
    QUEST SCRIPT RECREATION LOG     
=====================================
Quest: Free_Discovery
Started: 2025-08-24 23:32:05
Player: Erm I Spose
Starting Location: (3054, 3253, 0)
Starting Inventory: Energy potion(3) x3, Water rune x992, Earth rune x1000, Coins x17703, Law rune x49, Chaos rune x69, Air rune x34
=====================================

[23:32:05] CONSOLE_INTEGRATION: DreamBot console logging enabled - all script output will be mirrored to quest log file
[23:32:05] CONSOLE_INFO: Quest log location: C:\Users\Leone\Desktop\Projects in progress\Dreambot Projects\AI Quest system\quest_logs\
[23:32:05] CONSOLE_INFO: DreamBot script: Quest Action Recorder v4.3
[23:32:05] ACTION: Quest recording started
    SCRIPT: // Quest: Free_Discovery

[23:32:05] QUEST STEP 1: VARBIT_DISCOVERY_STARTED
    SCRIPT: // Quest varbit discovery initiated - monitoring 1636 varbits (including 0-values)

[23:32:05] QUEST STEP 2: CONFIG_DISCOVERY_STARTED
    SCRIPT: // Quest config discovery initiated - monitoring 50 configs (including 0-values)

[23:32:09] ACTION: Selected 'Talk-to' on Redbeard Frank
    SCRIPT: NPCs.closest("Redbeard Frank").interact("Talk-to");

[23:32:09] USER_ACTION: Talk-to | NPC_Tile: (3053, 3254, 0)
[23:32:10] Movement: Started significant journey from (3054, 3253, 0)
[23:32:10] Position: Arrived at (3053, 3253, 0)
[23:32:11] DIALOGUE_OPTIONS: [I'm in search of treasure., Arr!, Do you have anything for trade?]
[23:32:13] ACTION: DIALOGUE_SELECTION
    SCRIPT: I'm in search of treasure.

[23:32:16] DIALOGUE_OPTIONS: [Yes., No.]
[23:32:17] ACTION: DIALOGUE_OPTION_SELECTED
    SCRIPT: // User selected one of: [Yes., No.]

[23:32:18] QUEST_API_DETECTED: PIRATES_TREASURE - State: STARTED
[23:32:18] ACTIVE_QUEST_DETECTED: PIRATES_TREASURE is currently in progress
[23:32:19] QUEST_API_DETECTED: PIRATES_TREASURE - State: STARTED
[23:32:20] QUEST_API_DETECTED: PIRATES_TREASURE - State: STARTED
[23:32:21] QUEST_API_DETECTED: PIRATES_TREASURE - State: STARTED
[23:32:22] QUEST_API_DETECTED: PIRATES_TREASURE - State: STARTED
[23:32:23] QUEST_API_DETECTED: PIRATES_TREASURE - State: STARTED
[23:32:24] QUEST_API_DETECTED: PIRATES_TREASURE - State: STARTED
[23:32:25] QUEST_API_DETECTED: PIRATES_TREASURE - State: STARTED
[23:32:26] QUEST_API_DETECTED: PIRATES_TREASURE - State: STARTED
[23:32:27] QUEST_API_DETECTED: PIRATES_TREASURE - State: STARTED
[23:32:28] QUEST_API_DETECTED: PIRATES_TREASURE - State: STARTED
[23:32:35] QUEST_END: === QUEST RECORDING ENDED ===
