=====================================
    QUEST SCRIPT RECREATION LOG     
=====================================
Quest: Pirate's Treasure
Started: 2025-08-25 00:36:35
Player: WhoCouldHave
Starting Location: (3054, 3248, 0)
Starting Inventory: Energy potion(4) x6, Scroll box (beginner), Spade, Coins x617, Energy potion(2)
=====================================

[00:36:35] CONSOLE_INTEGRATION: DreamBot console logging enabled - all script output will be mirrored to quest log file
[00:36:35] CONSOLE_INFO: Quest log location: C:\Users\Leone\Desktop\Projects in progress\Dreambot Projects\AI Quest system\quest_logs\
[00:36:35] CONSOLE_INFO: DreamBot script: Quest Action Recorder v4.3
[00:36:35] ACTION: Quest recording started
    SCRIPT: // Quest: Pirate's Treasure

[00:36:35] ACTIVE_QUEST_DETECTED: PIRATES_TREASURE is currently in progress
[00:36:59] ACTION: Selected 'Pay-fare' on Seaman Lorris
    SCRIPT: // Pay-fare on Seaman Lorris

[00:36:59] USER_ACTION: Pay-fare | Target: Seaman Lorris
[00:37:14] ACTION: Selected 'Cross' on Gangplank
    SCRIPT: // Cross on Gangplank

[00:37:14] USER_ACTION: Cross | Target: Gangplank
[00:37:37] ACTION: Selected 'Trade' on Zembo
    SCRIPT: NPCs.closest("Zembo").interact("Trade");

[00:37:37] USER_ACTION: Trade | NPC_Tile: (2924, 3143, 0)
[00:37:50] ACTION: Selected 'Trade' on Zembo
    SCRIPT: NPCs.closest("Zembo").interact("Trade");

[00:37:50] USER_ACTION: Trade | NPC_Tile: (2924, 3143, 0)
[00:38:01] ACTION: Selected 'Trade' on Zembo
    SCRIPT: NPCs.closest("Zembo").interact("Trade");

[00:38:01] USER_ACTION: Trade | NPC_Tile: (2924, 3143, 0)
[00:38:14] ACTION: Selected 'Trade' on Zembo
    SCRIPT: NPCs.closest("Zembo").interact("Trade");

[00:38:14] USER_ACTION: Trade | NPC_Tile: (2924, 3143, 0)
[00:38:26] ACTION: Selected 'Trade' on Zembo
    SCRIPT: NPCs.closest("Zembo").interact("Trade");

[00:38:26] USER_ACTION: Trade | NPC_Tile: (2924, 3143, 0)
[00:38:31] QUEST_END: === QUEST RECORDING ENDED ===
