=====================================
    QUEST SCRIPT RECREATION LOG     
=====================================
Quest: Pirate's Treasure
Started: 2025-08-25 00:50:25
Player: WhoCouldHave
Starting Location: (3219, 3395, 1)
Starting Inventory: Energy potion(4) x3, Scroll box (beginner), Spade, Coins x557, Pirate message
=====================================

[00:50:25] CONSOLE_INTEGRATION: DreamBot console logging enabled - all script output will be mirrored to quest log file
[00:50:25] CONSOLE_INFO: Quest log location: C:\Users\Leone\Desktop\Projects in progress\Dreambot Projects\AI Quest system\quest_logs\
[00:50:25] CONSOLE_INFO: DreamBot script: Quest Action Recorder v4.3
[00:50:25] ACTION: Quest recording started
    SCRIPT: // Quest: Pirate's Treasure

[00:50:25] ACTIVE_QUEST_DETECTED: PIRATES_TREASURE is currently in progress
[00:50:29] ACTION: Selected 'Climb-down' on Staircase
    SCRIPT: GameObjects.closest("Staircase").interact("Climb-down");

[00:50:29] USER_ACTION: Climb-down | Object_Tile: (3228, 3393, 1)
[00:51:53] ACTION: Consumed Energy potion(4)
    SCRIPT: Inventory.interact("Energy potion(4)", "Drink")

[00:51:54] ACTION: Consumed Energy potion(3)
    SCRIPT: Inventory.interact("Energy potion(3)", "Drink")

[00:51:56] ACTION: Consumed Energy potion(2)
    SCRIPT: Inventory.interact("Energy potion(2)", "Drink")

[00:51:58] ACTION: Consumed Energy potion(4)
    SCRIPT: Inventory.interact("Energy potion(4)", "Drink")

[00:52:00] ACTION: Consumed Energy potion(3)
    SCRIPT: Inventory.interact("Energy potion(3)", "Drink")

[00:52:01] ACTION: Consumed Energy potion(1)
    SCRIPT: Inventory.interact("Energy potion(1)", "Drink")

[00:52:02] ACTION: Consumed Energy potion(3)
    SCRIPT: Inventory.interact("Energy potion(3)", "Drink")

[00:52:03] ACTION: Consumed Energy potion(2)
    SCRIPT: Inventory.interact("Energy potion(2)", "Drink")

[00:52:05] ACTION: Consumed Energy potion(1)
    SCRIPT: Inventory.interact("Energy potion(1)", "Drink")

[00:52:09] ACTION: Consumed Energy potion(1)
    SCRIPT: Inventory.interact("Energy potion(1)", "Drink")

[00:53:21] ACTION: Consumed Energy potion(4)
    SCRIPT: Inventory.interact("Energy potion(4)", "Drink")

[00:53:21] ACTION: Consumed Energy potion(3)
    SCRIPT: Inventory.interact("Energy potion(3)", "Drink")

[00:53:23] ACTION: Selected 'Read' on Pirate message
    SCRIPT: // Read on Pirate message

[00:53:23] USER_ACTION: Read | Target: Pirate message
[00:53:24] ACTION: Selected 'Dig' on Spade
    SCRIPT: // Dig on Spade

[00:53:24] USER_ACTION: Dig | Target: Spade
[00:53:27] ACTION: Selected 'Attack' on Gardener
    SCRIPT: NPCs.closest("Gardener").interact("Attack");

[00:53:27] USER_ACTION: Attack | NPC_Tile: (2999, 3382, 0)
[00:53:28] ACTION: Selected 'Attack' on Gardener
    SCRIPT: NPCs.closest("Gardener").interact("Attack");

[00:53:28] USER_ACTION: Attack | NPC_Tile: (2999, 3382, 0)
[00:53:33] ACTION: Selected 'Dig' on Spade
    SCRIPT: // Dig on Spade

[00:53:33] USER_ACTION: Dig | Target: Spade
[00:53:37] QUEST_END: === QUEST RECORDING ENDED ===
