=====================================
    QUEST SCRIPT RECREATION LOG     
=====================================
Quest: Pirate's Treasure
Started: 2025-08-25 00:38:48
Player: WhoCouldHave
Starting Location: (2925, 3143, 0)
Starting Inventory: Energy potion(4) x6, Scroll box (beginner), Spade, Coins x557, Karamjan rum, Energy potion(2)
=====================================

[00:38:48] CONSOLE_INTEGRATION: DreamBot console logging enabled - all script output will be mirrored to quest log file
[00:38:48] CONSOLE_INFO: Quest log location: C:\Users\Leone\Desktop\Projects in progress\Dreambot Projects\AI Quest system\quest_logs\
[00:38:48] CONSOLE_INFO: DreamBot script: Quest Action Recorder v4.3
[00:38:48] ACTION: Quest recording started
    SCRIPT: // Quest: Pirate's Treasure

[00:38:48] ACTIVE_QUEST_DETECTED: PIRATES_TREASURE is currently in progress
[00:38:54] ACTION: Consumed Energy potion(2)
    SCRIPT: Inventory.interact("Energy potion(2)", "Drink")

[00:38:56] ACTION: Consumed Energy potion(1)
    SCRIPT: Inventory.interact("Energy potion(1)", "Drink")

[00:38:59] ACTION: Selected 'Pick' on Banana tree
    SCRIPT: // Pick on Banana tree

[00:38:59] USER_ACTION: Pick | Target: Banana tree
[00:39:00] ACTION: Selected 'Pick' on Banana tree
    SCRIPT: // Pick on Banana tree

[00:39:00] USER_ACTION: Pick | Target: Banana tree
[00:39:01] ACTION: Selected 'Pick' on Banana tree
    SCRIPT: // Pick on Banana tree

[00:39:01] USER_ACTION: Pick | Target: Banana tree
[00:39:02] ACTION: Selected 'Pick' on Banana tree
    SCRIPT: // Pick on Banana tree

[00:39:02] USER_ACTION: Pick | Target: Banana tree
[00:39:03] ACTION: Selected 'Pick' on Banana tree
    SCRIPT: // Pick on Banana tree

[00:39:03] USER_ACTION: Pick | Target: Banana tree
[00:39:04] ACTION: Selected 'Pick' on Banana tree
    SCRIPT: // Pick on Banana tree

[00:39:04] USER_ACTION: Pick | Target: Banana tree
[00:39:05] ACTION: Selected 'Pick' on Banana tree
    SCRIPT: // Pick on Banana tree

[00:39:05] USER_ACTION: Pick | Target: Banana tree
[00:39:06] ACTION: Selected 'Pick' on Banana tree
    SCRIPT: // Pick on Banana tree

[00:39:06] USER_ACTION: Pick | Target: Banana tree
[00:39:07] ACTION: Selected 'Pick' on Banana tree
    SCRIPT: // Pick on Banana tree

[00:39:07] USER_ACTION: Pick | Target: Banana tree
[00:39:17] ACTION: Selected 'Talk-to' on Luthas
    SCRIPT: NPCs.closest("Luthas").interact("Talk-to");

[00:39:17] USER_ACTION: Talk-to | NPC_Tile: (2938, 3152, 0)
[00:39:32] ACTION: Selected 'Talk-to' on Luthas
    SCRIPT: NPCs.closest("Luthas").interact("Talk-to");

[00:39:32] USER_ACTION: Talk-to | NPC_Tile: (2938, 3152, 0)
[00:40:01] ACTION: Selected 'Fill' on Crate
    SCRIPT: // Fill on Crate

[00:40:01] USER_ACTION: Fill | Target: Crate
[00:40:02] ACTION: Selected 'Use' on Karamjan rum
    SCRIPT: Inventory.interact("Karamjan rum", "Use");

[00:40:02] USER_ACTION: Use | Target: Karamjan rum
[00:40:02] ACTION: Inventory changed: Items changed
    SCRIPT: // Current inventory: Energy potion(4) x6, Scroll box (beginner), Spade, Coins x557, Vial, Karamjan rum, Banana x10

[00:40:17] ACTION: Selected 'Talk-to' on Luthas
    SCRIPT: NPCs.closest("Luthas").interact("Talk-to");

[00:40:17] USER_ACTION: Talk-to | NPC_Tile: (2938, 3156, 0)
[00:40:22] ACTION: Selected 'Use' on Karamjan rum
    SCRIPT: Inventory.interact("Karamjan rum", "Use");

[00:40:22] USER_ACTION: Use | Target: Karamjan rum
[00:40:22] ACTION: Inventory changed: Items lost/used
    SCRIPT: // Current inventory: Energy potion(4) x6, Scroll box (beginner), Spade, Coins x557, Vial, Karamjan rum

[00:40:25] ACTION: Selected 'Use' on Karamjan rum -> Crate
    SCRIPT: // Item-on-item
Inventory.use("Karamjan rum", "Crate");

[00:40:25] USER_ACTION: Use | Target: Karamjan rum -> Crate
[00:40:25] ACTION: Selected 'Search' on Crate
    SCRIPT: GameObjects.closest("Crate").interact("Search");

[00:40:25] USER_ACTION: Search | Object_Tile: (2943, 3151, 0)
[00:40:29] ACTION: Selected 'Use' on Karamjan rum
    SCRIPT: Inventory.interact("Karamjan rum", "Use");

[00:40:29] USER_ACTION: Use | Target: Karamjan rum
[00:40:29] ACTION: Selected 'Use' on Karamjan rum -> Crate
    SCRIPT: // Item-on-item
Inventory.use("Karamjan rum", "Crate");

[00:40:29] USER_ACTION: Use | Target: Karamjan rum -> Crate
[00:40:34] ACTION: Selected 'Talk-to' on Luthas
    SCRIPT: NPCs.closest("Luthas").interact("Talk-to");

[00:40:34] USER_ACTION: Talk-to | NPC_Tile: (2941, 3153, 0)
[00:40:41] ACTION: Selected 'Talk-to' on Luthas
    SCRIPT: NPCs.closest("Luthas").interact("Talk-to");

[00:40:41] USER_ACTION: Talk-to | NPC_Tile: (2941, 3153, 0)
[00:40:50] ACTION: Selected 'Talk-to' on Luthas
    SCRIPT: NPCs.closest("Luthas").interact("Talk-to");

[00:40:50] USER_ACTION: Talk-to | NPC_Tile: (2941, 3153, 0)
[00:40:55] ACTION: Selected 'Chop down' on Tree
    SCRIPT: // Chop down on Tree

[00:40:55] USER_ACTION: Chop down | Target: Tree
[00:40:57] ACTION: Selected 'Pay-Fare' on Customs officer
    SCRIPT: // Pay-Fare on Customs officer

[00:40:57] USER_ACTION: Pay-Fare | Target: Customs officer
[00:40:57] QUEST_END: === QUEST RECORDING ENDED ===
