=====================================
    QUEST SCRIPT RECREATION LOG     
=====================================
Quest: Free_Discovery
Started: 2025-08-16 02:38:44
Player: LetsGetT
Starting Location: (3165, 3492, 0)
Starting Inventory: Energy potion(4) x5, Water rune x50, Earth rune x60, Coins x15000, Law rune x60, Air rune x60
=====================================

[02:38:44] CONSOLE_INTEGRATION: DreamBot console logging enabled - all script output will be mirrored to quest log file
[02:38:44] CONSOLE_INFO: Quest log location: C:\Users\Leone\Desktop\Projects in progress\Dreambot Projects\AI Quest system\quest_logs\
[02:38:44] CONSOLE_INFO: DreamBot script: Quest Action Recorder v4.3
[02:38:44] ACTION: Quest recording started
    SCRIPT: // Quest: Free_Discovery

[02:38:44] QUEST STEP 1: VARBIT_DISCOVERY_STARTED
    SCRIPT: // Quest varbit discovery initiated - monitoring 1636 varbits (including 0-values)

[02:38:44] QUEST STEP 2: CONFIG_DISCOVERY_STARTED
    SCRIPT: // Quest config discovery initiated - monitoring 50 configs (including 0-values)

[02:38:48] ACTION: Selected 'Exchange' on Grand Exchange booth
    SCRIPT: // Exchange on Grand Exchange booth

[02:39:09] ACTION: Selected 'Select' on Eye of newt
    SCRIPT: // Select on Eye of newt

[02:39:09] USER_ACTION: Select | Target: Eye of newt
[02:39:19] ACTION: Selected 'Select' on Onion
    SCRIPT: // Select on Onion

[02:39:19] USER_ACTION: Select | Target: Onion
[02:39:35] ACTION: Selected 'Select' on Raw beef
    SCRIPT: // Select on Raw beef

[02:39:35] USER_ACTION: Select | Target: Raw beef
[02:40:45] Movement: Started significant journey from (3165, 3492, 0)
[02:41:01] ACTION: Consumed Energy potion(4)
    SCRIPT: Inventory.interact("Energy potion(4)", "Drink")

[02:41:30] ACTION: Consumed Energy potion(3)
    SCRIPT: Inventory.interact("Energy potion(3)", "Drink")

[02:42:09] ACTION: Consumed Energy potion(2)
    SCRIPT: Inventory.interact("Energy potion(2)", "Drink")

[02:42:22] ACTION: Consumed Energy potion(1)
    SCRIPT: Inventory.interact("Energy potion(1)", "Drink")

[02:42:33] ACTION: Consumed Energy potion(4)
    SCRIPT: Inventory.interact("Energy potion(4)", "Drink")

[02:42:45] ACTION: Consumed Energy potion(4)
    SCRIPT: Inventory.interact("Energy potion(4)", "Drink")

[02:42:46] ACTION: Completed journey: 346 tiles
    SCRIPT: Walking.walk(new Tile(2956, 3216, 0))

[02:42:46] Journey: Walked 346 tiles in 120s | (3165, 3492, 0) → (2956, 3216, 0)
[02:42:46] Position: Arrived at (2956, 3216, 0)
[02:42:48] Movement: Started significant journey from (2956, 3216, 0)
[02:42:52] ACTION: Selected 'Open' on Door
    SCRIPT: GameObjects.closest("Door").interact("Open");

[02:42:52] USER_ACTION: Open | Object_Tile: (2964, 3206, 0)
[02:42:54] ACTION: Selected 'Talk-to' on Hetty
    SCRIPT: NPCs.closest("Hetty").interact("Talk-to");

[02:42:54] USER_ACTION: Talk-to | NPC_Tile: (2967, 3204, 0)
[02:42:56] DIALOGUE_OPTIONS: [I am in search of a quest., I've heard that you are a witch.]
[02:42:57] ACTION: DIALOGUE_SELECTION
    SCRIPT: I am in search of a quest.

[02:42:59] DIALOGUE_OPTIONS: [Yes., No.]
[02:43:00] ACTION: DIALOGUE_OPTION_SELECTED
    SCRIPT: // User selected one of: [Yes., No.]

[02:43:06] ACTIVE_QUEST_DETECTED: WITCHS_POTION is currently in progress
[02:43:11] ACTION: Selected 'Use' on Raw beef
    SCRIPT: Inventory.interact("Raw beef", "Use");

[02:43:11] USER_ACTION: Use | Target: Raw beef
[02:43:11] ACTION: Inventory changed: Items gained
    SCRIPT: // Current inventory: Energy potion(3) x2, Water rune x50, Energy potion(4) x2, Earth rune x60, Raw beef, Onion, Coins x14909, Vial, Law rune x60, Eye of newt, Air rune x60

[02:43:13] ACTION: Selected 'Use' on Raw beef -> Fireplace
    SCRIPT: // Item-on-item
Inventory.use("Raw beef", "Fireplace");

[02:43:13] USER_ACTION: Use | Target: Raw beef -> Fireplace
[02:43:13] Movement: Started significant journey from (2966, 3204, 0)
[02:43:16] ACTION: Selected 'Use' on Cooked meat
    SCRIPT: Inventory.interact("Cooked meat", "Use");

[02:43:16] USER_ACTION: Use | Target: Cooked meat
[02:43:17] ACTION: Selected 'Use' on Cooked meat -> Fireplace
    SCRIPT: // Item-on-item
Inventory.use("Cooked meat", "Fireplace");

[02:43:17] USER_ACTION: Use | Target: Cooked meat -> Fireplace
[02:43:36] ACTION: Selected 'Attack' on Rat
    SCRIPT: NPCs.closest("Rat").interact("Attack");

[02:43:36] USER_ACTION: Attack | NPC_Tile: (2956, 3205, 0)
[02:43:37] Movement: Started significant journey from (2956, 3206, 0)
[02:43:42] ACTION: Selected 'Attack' on Rat
    SCRIPT: NPCs.closest("Rat").interact("Attack");

[02:43:42] USER_ACTION: Attack | NPC_Tile: (2956, 3205, 0)
[02:43:42] QUEST STEP 3: CONFIG DISCOVERED: Unknown Quest config 108 changed from 17 to 0
    SCRIPT: // DISCOVERED: Quest uses config 108 (value 17 → 0)

[02:43:42] QUEST STEP 4: VARBIT DISCOVERED: Unknown Quest varbit 275 changed from 1 to 0
    SCRIPT: // DISCOVERED: Quest uses varbit 275 (step 1 → 0)

[02:43:42] QUEST STEP 5: VARBIT DISCOVERED: Unknown Quest varbit 276 changed from 8 to 0
    SCRIPT: // DISCOVERED: Quest uses varbit 276 (step 8 → 0)

[02:43:47] ACTION: Selected 'Take' on Rat's tail
    SCRIPT: // Take on Rat's tail

[02:43:47] USER_ACTION: Take | Target: Rat's tail
[02:43:48] Movement: Started significant journey from (2954, 3204, 0)
[02:43:55] ACTION: Selected 'Talk-to' on Hetty
    SCRIPT: NPCs.closest("Hetty").interact("Talk-to");

[02:43:55] USER_ACTION: Talk-to | NPC_Tile: (2966, 3208, 0)
[02:44:00] ACTION: Selected 'Drink-from' on Cauldron
    SCRIPT: // Drink-from on Cauldron

[02:44:00] USER_ACTION: Drink-from | Target: Cauldron
[02:44:01] Movement: Started significant journey from (2965, 3206, 0)
[02:49:59] ACTION: Selected 'Drop' on Vial
    SCRIPT: Inventory.interact("Vial", "Drop");

[02:49:59] USER_ACTION: Drop | Target: Vial
[02:49:59] ACTION: Item consumed: Cooked meat
    SCRIPT: Inventory.getItem("Cooked meat").interact("Drink") // or click

[02:49:59] ITEM_CONSUMPTION: Player consumed: Cooked meat
[02:49:59] Inventory Change: Items lost/used - New state: Energy potion(3) x2, Water rune x50, Energy potion(4) x2, Earth rune x60, Coins x14909, Vial, Law rune x60, Air rune x60
[02:50:02] ACTION: Selected 'Read journal:' on Pirate's Treasure
    SCRIPT: // Read journal: on Pirate's Treasure

[02:50:02] USER_ACTION: Read journal: | Target: Pirate's Treasure
[02:52:40] QUEST_END: === QUEST RECORDING ENDED ===
